This file contains any messages produced by compilers while
running configure, to aid debugging if configure makes a mistake.

It was created by i18n configure 1.0, which was
generated by GNU Autoconf 2.62.  Invocation command line was

  $ ./configure --cache-file=../config.cache --srcdir=/home/gunter/GM_LANGUAGES/AI_RESEARCH/EMA_XPA/RUN_TIME/tmp/clisp-2.45/modules/i18n --without-readline --with-libsigsegv-prefix=/home/gunter/GM_LANGUAGES/AI_RESEARCH/EMA_XPA/RUN_TIME/tmp

## --------- ##
## Platform. ##
## --------- ##

hostname = gunter-HP-G60
uname -m = x86_64
uname -r = 4.4.0-21-generic
uname -s = Linux
uname -v = #37-Ubuntu SMP Mon Apr 18 18:33:37 UTC 2016

/usr/bin/uname -p = unknown
/bin/uname -X     = unknown

/bin/arch              = unknown
/usr/bin/arch -k       = unknown
/usr/convex/getsysinfo = unknown
/usr/bin/hostinfo      = unknown
/bin/machine           = unknown
/usr/bin/oslevel       = unknown
/bin/universe          = unknown

PATH: /opt/voc/bin
PATH: /usr/local/sbin
PATH: /usr/local/bin
PATH: /usr/sbin
PATH: /usr/bin
PATH: /sbin
PATH: /bin
PATH: /usr/games
PATH: /usr/local/games
PATH: /usr/local/go/bin
PATH: /usr/local/plan9/bin
PATH: /usr/local/xds/bin
PATH: /usr/local/cm3/bin


## ----------- ##
## Core tests. ##
## ----------- ##

configure:1673: loading cache ../config.cache
configure:1824: [1m** I18N (Common)[m
configure:1874: checking for gcc
configure:1901: result: gcc
configure:2139: checking for C compiler version
configure:2147: gcc --version >&5
gcc (Ubuntu 5.4.0-6ubuntu1~16.04.5) 5.4.0 20160609
Copyright (C) 2015 Free Software Foundation, Inc.
This is free software; see the source for copying conditions.  There is NO
warranty; not even for MERCHANTABILITY or FITNESS FOR A PARTICULAR PURPOSE.

configure:2151: $? = 0
configure:2158: gcc -v >&5
Using built-in specs.
COLLECT_GCC=gcc
COLLECT_LTO_WRAPPER=/usr/lib/gcc/x86_64-linux-gnu/5/lto-wrapper
Target: x86_64-linux-gnu
Configured with: ../src/configure -v --with-pkgversion='Ubuntu 5.4.0-6ubuntu1~16.04.5' --with-bugurl=file:///usr/share/doc/gcc-5/README.Bugs --enable-languages=c,ada,c++,java,go,d,fortran,objc,obj-c++ --prefix=/usr --program-suffix=-5 --enable-shared --enable-linker-build-id --libexecdir=/usr/lib --without-included-gettext --enable-threads=posix --libdir=/usr/lib --enable-nls --with-sysroot=/ --enable-clocale=gnu --enable-libstdcxx-debug --enable-libstdcxx-time=yes --with-default-libstdcxx-abi=new --enable-gnu-unique-object --disable-vtable-verify --enable-libmpx --enable-plugin --with-system-zlib --disable-browser-plugin --enable-java-awt=gtk --enable-gtk-cairo --with-java-home=/usr/lib/jvm/java-1.5.0-gcj-5-amd64/jre --enable-java-home --with-jvm-root-dir=/usr/lib/jvm/java-1.5.0-gcj-5-amd64 --with-jvm-jar-dir=/usr/lib/jvm-exports/java-1.5.0-gcj-5-amd64 --with-arch-directory=amd64 --with-ecj-jar=/usr/share/java/eclipse-ecj.jar --enable-objc-gc --enable-multiarch --disable-werror --with-arch-32=i686 --with-abi=m64 --with-multilib-list=m32,m64,mx32 --enable-multilib --with-tune=generic --enable-checking=release --build=x86_64-linux-gnu --host=x86_64-linux-gnu --target=x86_64-linux-gnu
Thread model: posix
gcc version 5.4.0 20160609 (Ubuntu 5.4.0-6ubuntu1~16.04.5) 
configure:2162: $? = 0
configure:2169: gcc -V >&5
gcc: error: unrecognized command line option '-V'
gcc: fatal error: no input files
compilation terminated.
configure:2173: $? = 1
configure:2196: checking for C compiler default output file name
configure:2218: gcc    conftest.c  >&5
configure:2222: $? = 0
configure:2260: result: a.out
configure:2277: checking whether the C compiler works
configure:2287: ./a.out
configure:2291: $? = 0
configure:2308: result: yes
configure:2315: checking whether we are cross compiling
configure:2317: result: no
configure:2320: checking for suffix of executables
configure:2327: gcc -o conftest    conftest.c  >&5
configure:2331: $? = 0
configure:2355: result: 
configure:2361: checking for suffix of object files
configure:2414: result: o
configure:2418: checking whether we are using the GNU C compiler
configure:2471: result: yes
configure:2480: checking whether gcc accepts -g
configure:2618: result: yes
configure:2635: checking for gcc option to accept ISO C89
configure:2739: result: none needed
configure:2762: checking how to run the C preprocessor
configure:2880: result: gcc -E
configure:2909: gcc -E  conftest.c
configure:2916: $? = 0
configure:2947: gcc -E  conftest.c
conftest.c:8:28: fatal error: ac_nonexistent.h: No such file or directory
compilation terminated.
configure:2954: $? = 1
configure: failed program was:
| /* confdefs.h.  */
| #define PACKAGE_NAME "i18n"
| #define PACKAGE_TARNAME "i18n"
| #define PACKAGE_VERSION "1.0"
| #define PACKAGE_STRING "i18n 1.0"
| #define PACKAGE_BUGREPORT "clisp-list"
| /* end confdefs.h.  */
| #include <ac_nonexistent.h>
configure:2993: checking for grep that handles long lines and -e
configure:3053: result: /bin/grep
configure:3058: checking for egrep
configure:3122: result: /bin/grep -E
configure:3127: checking for ANSI C header files
configure:3295: result: yes
configure:3319: checking for sys/types.h
configure:3364: result: yes
configure:3319: checking for sys/stat.h
configure:3364: result: yes
configure:3319: checking for stdlib.h
configure:3364: result: yes
configure:3319: checking for string.h
configure:3364: result: yes
configure:3319: checking for memory.h
configure:3364: result: yes
configure:3319: checking for strings.h
configure:3364: result: yes
configure:3319: checking for inttypes.h
configure:3364: result: yes
configure:3319: checking for stdint.h
configure:3364: result: yes
configure:3319: checking for unistd.h
configure:3364: result: yes
configure:3379: checking for minix/config.h
configure:3384: result: no
configure:3537: checking whether it is safe to define __EXTENSIONS__
configure:3587: result: yes
configure:3611: checking whether time.h and sys/time.h may both be included
configure:3663: result: yes
configure:3675: [1m** I18N (locale)[m
configure:3693: checking langinfo.h usability
configure:3710: gcc -c -g -O2  conftest.c >&5
configure:3717: $? = 0
configure:3731: result: yes
configure:3735: checking langinfo.h presence
configure:3750: gcc -E  conftest.c
configure:3757: $? = 0
configure:3771: result: yes
configure:3804: checking for langinfo.h
configure:3813: result: yes
configure:3832: checking for nl_langinfo
configure:3888: gcc -o conftest -g -O2   conftest.c  >&5
configure:3895: $? = 0
configure:3917: result: yes
configure:3832: checking for localeconv
configure:3888: gcc -o conftest -g -O2   conftest.c  >&5
configure:3895: $? = 0
configure:3917: result: yes
configure:3928: checking for struct lconv.int_p_cs_precedes
configure:3957: gcc -c -g -O2  conftest.c >&5
configure:3964: $? = 0
configure:4023: result: yes
configure:4033: checking for struct lconv.int_n_cs_precedes
configure:4062: gcc -c -g -O2  conftest.c >&5
configure:4069: $? = 0
configure:4128: result: yes
configure:4138: checking for struct lconv.int_p_sep_by_space
configure:4167: gcc -c -g -O2  conftest.c >&5
configure:4174: $? = 0
configure:4233: result: yes
configure:4243: checking for struct lconv.int_n_sep_by_space
configure:4272: gcc -c -g -O2  conftest.c >&5
configure:4279: $? = 0
configure:4338: result: yes
configure:4348: checking for struct lconv.int_p_sign_posn
configure:4377: gcc -c -g -O2  conftest.c >&5
configure:4384: $? = 0
configure:4443: result: yes
configure:4453: checking for struct lconv.int_n_sign_posn
configure:4482: gcc -c -g -O2  conftest.c >&5
configure:4489: $? = 0
configure:4548: result: yes
configure:4560: [1m** I18N (Output)[m
configure:4629: updating cache ../config.cache
configure:4666: creating ./config.status

## ---------------------- ##
## Running config.status. ##
## ---------------------- ##

This file was extended by i18n config.status 1.0, which was
generated by GNU Autoconf 2.62.  Invocation command line was

  CONFIG_FILES    = 
  CONFIG_HEADERS  = 
  CONFIG_LINKS    = 
  CONFIG_COMMANDS = 
  $ ./config.status 

on gunter-HP-G60

config.status:736: creating Makefile
config.status:736: creating link.sh
config.status:736: creating config.h
configure:5822: WARNING: Unrecognized options: --without-readline, --with-libsigsegv-prefix
configure:5827: [1m** I18N (Done)[m

## ---------------- ##
## Cache variables. ##
## ---------------- ##

ac_cv_build=x86_64-unknown-linux-gnu
ac_cv_c_bigendian=no
ac_cv_c_char_unsigned=no
ac_cv_c_compiler_gnu=yes
ac_cv_c_inline=inline
ac_cv_c_restrict=__restrict
ac_cv_cxx_compiler_gnu=yes
ac_cv_env_CCC_set=
ac_cv_env_CCC_value=
ac_cv_env_CC_set=
ac_cv_env_CC_value=
ac_cv_env_CFLAGS_set=
ac_cv_env_CFLAGS_value=
ac_cv_env_CPPFLAGS_set=
ac_cv_env_CPPFLAGS_value=
ac_cv_env_CPP_set=
ac_cv_env_CPP_value=
ac_cv_env_CXXCPP_set=
ac_cv_env_CXXCPP_value=
ac_cv_env_CXXFLAGS_set=
ac_cv_env_CXXFLAGS_value=
ac_cv_env_CXX_set=
ac_cv_env_CXX_value=
ac_cv_env_F77_set=
ac_cv_env_F77_value=
ac_cv_env_FFLAGS_set=
ac_cv_env_FFLAGS_value=
ac_cv_env_LDFLAGS_set=
ac_cv_env_LDFLAGS_value=
ac_cv_env_LIBS_set=
ac_cv_env_LIBS_value=
ac_cv_env_XMKMF_set=
ac_cv_env_XMKMF_value=
ac_cv_env_build_alias_set=
ac_cv_env_build_alias_value=
ac_cv_env_host_alias_set=
ac_cv_env_host_alias_value=
ac_cv_env_target_alias_set=
ac_cv_env_target_alias_value=
ac_cv_f77_compiler_gnu=yes
ac_cv_func__longjmp=yes
ac_cv_func__setjmp=yes
ac_cv_func_alloca_works=yes
ac_cv_func_btowc=yes
ac_cv_func_connect=yes
ac_cv_func_dladdr=yes
ac_cv_func_dlclose=yes
ac_cv_func_dlerror=yes
ac_cv_func_dlopen=yes
ac_cv_func_dlsym=yes
ac_cv_func_dlvsym=yes
ac_cv_func_fchmod=yes
ac_cv_func_flock=yes
ac_cv_func_fnmatch_gnu=yes
ac_cv_func_fork=yes
ac_cv_func_fork_works=yes
ac_cv_func_fsync=yes
ac_cv_func_ftime=yes
ac_cv_func_getcwd=yes
ac_cv_func_getdtablesize=yes
ac_cv_func_gethostbyname=yes
ac_cv_func_gethostent=yes
ac_cv_func_gethostname=yes
ac_cv_func_getpwnam=yes
ac_cv_func_getrlimit=yes
ac_cv_func_getsockopt=yes
ac_cv_func_gettimeofday=yes
ac_cv_func_inet_addr=yes
ac_cv_func_inet_ntop=yes
ac_cv_func_inet_pton=yes
ac_cv_func_ioctl=yes
ac_cv_func_isblank=yes
ac_cv_func_iswcntrl=yes
ac_cv_func_iswctype=yes
ac_cv_func_localeconv=yes
ac_cv_func_malloc_0_nonnull=yes
ac_cv_func_mbrtowc=yes
ac_cv_func_mbsrtowcs=yes
ac_cv_func_mempcpy=yes
ac_cv_func_memset=yes
ac_cv_func_mmap=yes
ac_cv_func_mprotect=yes
ac_cv_func_msync=yes
ac_cv_func_munmap=yes
ac_cv_func_nice=yes
ac_cv_func_nl_langinfo=yes
ac_cv_func_poll=yes
ac_cv_func_putenv=yes
ac_cv_func_readlink=yes
ac_cv_func_realpath=yes
ac_cv_func_remove=yes
ac_cv_func_select=yes
ac_cv_func_setenv=yes
ac_cv_func_setitimer=yes
ac_cv_func_setpgid=yes
ac_cv_func_setrlimit=yes
ac_cv_func_setsid=yes
ac_cv_func_setsockopt=yes
ac_cv_func_shmat=yes
ac_cv_func_shutdown=yes
ac_cv_func_sigaction=yes
ac_cv_func_sigblock=yes
ac_cv_func_sighold=yes
ac_cv_func_siginterrupt=yes
ac_cv_func_sigprocmask=yes
ac_cv_func_strerror=yes
ac_cv_func_sysconf=yes
ac_cv_func_ualarm=yes
ac_cv_func_unsetenv=yes
ac_cv_func_usleep=yes
ac_cv_func_vfork=yes
ac_cv_func_vfork_works=yes
ac_cv_func_wcrtomb=yes
ac_cv_func_wcscoll=yes
ac_cv_func_wmemchr=yes
ac_cv_func_wmemcpy=yes
ac_cv_func_wmempcpy=yes
ac_cv_gnu_library_2_1=yes
ac_cv_have_decl_environ=yes
ac_cv_have_decl_getc_unlocked=yes
ac_cv_have_decl_isblank=yes
ac_cv_have_readline=no
ac_cv_have_x='have_x=yes	ac_x_includes='\'''\''	ac_x_libraries='\'''\'''
ac_cv_header_arpa_inet_h=yes
ac_cv_header_avcall_h=no
ac_cv_header_callback_h=no
ac_cv_header_dirent_dirent_h=yes
ac_cv_header_dlfcn_h=yes
ac_cv_header_inttypes_h=yes
ac_cv_header_langinfo_h=yes
ac_cv_header_lightning_h=no
ac_cv_header_locale_h=yes
ac_cv_header_memory_h=yes
ac_cv_header_minix_config_h=no
ac_cv_header_netdb_h=yes
ac_cv_header_netinet_in_h=yes
ac_cv_header_netinet_tcp_h=yes
ac_cv_header_sgtty_h=yes
ac_cv_header_stat_broken=no
ac_cv_header_stdbool_h=yes
ac_cv_header_stdc=yes
ac_cv_header_stdint_h=yes
ac_cv_header_stdlib_h=yes
ac_cv_header_string_h=yes
ac_cv_header_strings_h=yes
ac_cv_header_sys_file_h=yes
ac_cv_header_sys_inttypes_h=no
ac_cv_header_sys_ipc_h=yes
ac_cv_header_sys_mman_h=yes
ac_cv_header_sys_resource_h=yes
ac_cv_header_sys_shm_h=yes
ac_cv_header_sys_stat_h=yes
ac_cv_header_sys_statfs_h=yes
ac_cv_header_sys_statvfs_h=yes
ac_cv_header_sys_sysmacros_h=yes
ac_cv_header_sys_termio_h=no
ac_cv_header_sys_times_h=yes
ac_cv_header_sys_types_h=yes
ac_cv_header_sys_un_h=yes
ac_cv_header_termio_h=yes
ac_cv_header_termios_h=yes
ac_cv_header_time=yes
ac_cv_header_unistd_h=yes
ac_cv_header_vfork_h=no
ac_cv_header_wchar_h=yes
ac_cv_header_wctype_h=yes
ac_cv_host=x86_64-unknown-linux-gnu
ac_cv_lib_ICE_IceConnectionNumber=yes
ac_cv_lib_dir_opendir=no
ac_cv_libavcall_cppflags=
ac_cv_libavcall_libs=-lavcall
ac_cv_libavcall_ltlibs=-lavcall
ac_cv_libavcall_prefix=
ac_cv_libcallback_cppflags=
ac_cv_libcallback_libs=-lcallback
ac_cv_libcallback_ltlibs=-lcallback
ac_cv_libcallback_prefix=
ac_cv_member_struct_dirent_d_namlen=no
ac_cv_member_struct_lconv_int_n_cs_precedes=yes
ac_cv_member_struct_lconv_int_n_sep_by_space=yes
ac_cv_member_struct_lconv_int_n_sign_posn=yes
ac_cv_member_struct_lconv_int_p_cs_precedes=yes
ac_cv_member_struct_lconv_int_p_sep_by_space=yes
ac_cv_member_struct_lconv_int_p_sign_posn=yes
ac_cv_member_struct_stat_st_blksize=yes
ac_cv_member_struct_stat_st_blocks=yes
ac_cv_member_struct_stat_st_rdev=yes
ac_cv_objext=o
ac_cv_path_EGREP='/bin/grep -E'
ac_cv_path_GMSGFMT=/usr/bin/msgfmt
ac_cv_path_GREP=/bin/grep
ac_cv_path_MSGFMT=/usr/bin/msgfmt
ac_cv_path_MSGMERGE=/usr/bin/msgmerge
ac_cv_path_XGETTEXT=/usr/bin/xgettext
ac_cv_path_install='/usr/bin/install -c'
ac_cv_path_mkdir=/bin/mkdir
ac_cv_prog_AWK=gawk
ac_cv_prog_COMPRESS=gzip
ac_cv_prog_CPP='gcc -E'
ac_cv_prog_CXXCPP='g++ -E'
ac_cv_prog_DVIPDF=dvipdf
ac_cv_prog_GROFF=groff
ac_cv_prog_MAKE=make
ac_cv_prog_ac_ct_AR=ar
ac_cv_prog_ac_ct_CC=gcc
ac_cv_prog_ac_ct_CXX=g++
ac_cv_prog_ac_ct_F77=f77
ac_cv_prog_ac_ct_RANLIB=ranlib
ac_cv_prog_ac_ct_STRIP=strip
ac_cv_prog_cc_c89=
ac_cv_prog_cc_g=yes
ac_cv_prog_cc_gcc_c_o=yes
ac_cv_prog_cxx_g=yes
ac_cv_prog_f77_g=yes
ac_cv_prog_make_make_set=yes
ac_cv_safe_to_define___extensions__=yes
ac_cv_search_dlopen=-ldl
ac_cv_search_tgetent=-lncurses
ac_cv_sizeof_dev_t=8
ac_cv_sizeof_fsblkcnt_t=8
ac_cv_sizeof_fsfilcnt_t=8
ac_cv_sizeof_ino_t=8
ac_cv_sizeof_off_t=8
ac_cv_sizeof_rlim_t=8
ac_cv_sizeof_struct_timeval=16
ac_cv_struct_fsid_scalar=yes
ac_cv_struct_tm=time.h
ac_cv_sys_file_offset_bits=no
ac_cv_sys_largefile_CC=no
ac_cv_type__Bool=yes
ac_cv_type_long_long_int=yes
ac_cv_type_mbstate_t=yes
ac_cv_type_pid_t=yes
ac_cv_type_unsigned_long_long_int=yes
ac_cv_use_readline=no
ac_cv_working_alloca_h=yes
acl_cv_hardcode_direct=no
acl_cv_hardcode_libdir_flag_spec='${wl}-rpath ${wl}$libdir'
acl_cv_hardcode_libdir_separator=
acl_cv_hardcode_minus_L=no
acl_cv_libext=a
acl_cv_libname_spec='lib$name'
acl_cv_library_names_spec='$libname$shrext'
acl_cv_path_LD='/usr/bin/ld -m elf_x86_64'
acl_cv_prog_gnu_ld=yes
acl_cv_rpath=done
acl_cv_shlibext=so
acl_cv_wl=-Wl,
am_cv_CC_dependencies_compiler_type=gcc3
am_cv_CXX_dependencies_compiler_type=gcc3
am_cv_func_iconv=yes
am_cv_func_iconv_works=yes
am_cv_langinfo_codeset=yes
am_cv_lib_iconv=no
am_cv_proto_iconv='extern size_t iconv (iconv_t cd, char * *inbuf, size_t *inbytesleft, char * *outbuf, size_t *outbytesleft);'
am_cv_proto_iconv_arg1=
cl_cv_address_code=0x0000000000000000
cl_cv_address_malloc=0x0000000001000000
cl_cv_address_shlib=0x00007EFF46000000
cl_cv_address_stack=0x00007FFD50000000
cl_cv_builtin_strlen=no
cl_cv_c_return_void=yes
cl_cv_c_return_void_form=return
cl_cv_c_void=yes
cl_cv_cc_double_divbyzero=no
cl_cv_cc_double_inexact=no
cl_cv_cc_double_overflow=no
cl_cv_cc_double_underflow=no
cl_cv_cc_float_divbyzero=no
cl_cv_cc_float_inexact=no
cl_cv_cc_float_overflow=no
cl_cv_cc_float_underflow=no
cl_cv_decl_ELOOP=ELOOP
cl_cv_decl_FIONREAD_1=no
cl_cv_decl_FIONREAD_1_sys_filio_h=no
cl_cv_decl_FIONREAD_1_sys_ioctl_h=yes
cl_cv_decl_FIONREAD_reliable=yes
cl_cv_decl_O_RDWR_fcntl_h=yes
cl_cv_decl_R_OK_unistd_h=yes
cl_cv_decl_TCSAFLUSH=yes
cl_cv_decl_eloop=yes
cl_cv_file_floatparam_h=1
cl_cv_file_intparam_h=1
cl_cv_func_closedir_retval=yes
cl_cv_func_getpagesize=yes
cl_cv_func_getrusage=yes
cl_cv_func_getrusage_works=yes
cl_cv_func_lstat=yes
cl_cv_func_mmap_anon=yes
cl_cv_func_mmap_anonymous=yes
cl_cv_func_mmap_devzero=yes
cl_cv_func_mmap_works=yes
cl_cv_func_mprotect_works=yes
cl_cv_func_poll=yes
cl_cv_func_poll_reliable=yes
cl_cv_func_raise=yes
cl_cv_func_select_reliable=yes
cl_cv_func_setfpucw=yes
cl_cv_func_shmctl_attachable=no
cl_cv_func_signal_blocked=yes
cl_cv_func_signal_blocked_others=no
cl_cv_func_signal_reinstall=no
cl_cv_func_signalblocks='SystemV POSIX BSD'
cl_cv_func_tcgetattr=yes
cl_cv_func_vadvise=no
cl_cv_func_vm=no
cl_cv_gnu_make=yes
cl_cv_have_ffcall=no
cl_cv_header_sys_select_h=yes
cl_cv_host_x86_64=yes
cl_cv_lib_nsl=no
cl_cv_lib_sequent=no
cl_cv_lib_sigsegv=yes
cl_cv_lib_socket=no
cl_cv_offsetof=yes
cl_cv_os_valid_filename_char='((ch >= 1) && (ch != 47))'
cl_cv_os_valid_filename_charset=8-bit
cl_cv_prog_LN=ln
cl_cv_prog_LN_S='ln -s'
cl_cv_prog_as_underscore=no
cl_cv_prog_cc_cplusplus=no
cl_cv_prog_cc_ema=yes
cl_cv_prog_cc_gcc=yes
cl_cv_prog_cc_indented=yes
cl_cv_prog_cc_sunpro=no
cl_cv_prog_cc_works=yes
cl_cv_prog_cp='cp -p'
cl_cv_prog_hln=hln
cl_cv_proto_abort='extern void abort (void);'
cl_cv_proto_abort_ret=void
cl_cv_proto_abort_vol=
cl_cv_proto_closedir='extern int closedir (DIR*);'
cl_cv_proto_closedir_ret=int
cl_cv_proto_connect='extern int connect (int, const struct sockaddr *, unsigned int);'
cl_cv_proto_connect_arg2a=const
cl_cv_proto_connect_arg2b='struct sockaddr *'
cl_cv_proto_connect_arg3='unsigned int'
cl_cv_proto_getpagesize='extern int getpagesize (void);'
cl_cv_proto_getpagesize_ret=int
cl_cv_proto_getrlimit='extern int getrlimit (enum __rlimit_resource, struct rlimit *);'
cl_cv_proto_getrlimit_arg1='enum __rlimit_resource'
cl_cv_proto_getrusage='extern int getrusage (int, struct rusage *);'
cl_cv_proto_getrusage_arg1=int
cl_cv_proto_gettimeofday='extern int gettimeofday (struct timeval *, struct timezone *);'
cl_cv_proto_gettimeofday_arg2='struct timezone *'
cl_cv_proto_gettimeofday_dots=no
cl_cv_proto_inet_addr='extern unsigned int inet_addr (const char*);'
cl_cv_proto_inet_addr_arg1=const
cl_cv_proto_inet_addr_ret='unsigned int'
cl_cv_proto_ioctl='extern int ioctl (int, unsigned long, ...);'
cl_cv_proto_ioctl_arg2='unsigned long'
cl_cv_proto_ioctl_args='int, unsigned long, ...'
cl_cv_proto_ioctl_dots=yes
cl_cv_proto_perror=yes
cl_cv_proto_select='extern int select (int, fd_set *, fd_set *, fd_set *, struct timeval *);'
cl_cv_proto_select_arg1=int
cl_cv_proto_select_arg2=fd_set
cl_cv_proto_select_arg5=
cl_cv_proto_setrlimit='extern int setrlimit (enum __rlimit_resource, const struct rlimit *);'
cl_cv_proto_setrlimit_arg2=const
cl_cv_proto_setsockopt='extern int setsockopt (int, int, int, const void*, unsigned int);'
cl_cv_proto_setsockopt_arg_t='void*'
cl_cv_proto_setsockopt_const=const
cl_cv_proto_setsockopt_optlen_t='unsigned int'
cl_cv_proto_signal_dots=no
cl_cv_proto_unsetenv_posix=0
cl_cv_proto_unsetenv_ret=void
cl_cv_proto_waitpid='extern pid_t waitpid (pid_t, int*, int);'
cl_cv_proto_waitpid_arg1=pid_t
cl_cv_socket_ipv4=yes
cl_cv_socket_ipv6=yes
cl_cv_struct_sockaddr_sun_len=no
cl_cv_struct_utsname=yes
cl_cv_struct_winsize=no
cl_cv_struct_winsize_ioctl=yes
cl_cv_sys_shm_works=yes
cl_cv_test_nt=yes
cl_cv_type_caddr_t=yes
cl_cv_type_fpu_control_t=yes
cl_cv_type_signal=void
cl_cv_type_socklen_t=yes
gl_ac_cv_func_link_follows_symlink=no
gl_cv_func_malloc_posix=yes
gl_cv_func_re_compile_pattern_working=no
gl_cv_have_include_next=yes
gl_cv_header_wchar_h_standalone=yes
gl_cv_header_working_stdint_h=yes
gl_cv_next_stdint_h='<stdint.h>'
gl_cv_next_stdlib_h='<stdlib.h>'
gl_cv_next_unistd_h='<unistd.h>'
gl_cv_next_wchar_h='<wchar.h>'
gl_cv_next_wctype_h='<wctype.h>'
gl_cv_rpl_alloca=yes
gt_cv_c_long_double=yes
gt_cv_c_wint_t=yes
gt_cv_func_CFLocaleCopyCurrent=no
gt_cv_func_CFPreferencesCopyAppValue=no
gt_cv_func_gnugettext2_libc=yes
gt_cv_ssize_t=yes
gt_cv_val_LC_MESSAGES=yes
lt_cv_deplibs_check_method=pass_all
lt_cv_file_magic_cmd='$MAGIC_CMD'
lt_cv_file_magic_test_file=
lt_cv_ld_reload_flag=-r
lt_cv_objdir=.libs
lt_cv_path_LD=/usr/bin/ld
lt_cv_path_LDCXX='/usr/bin/ld -m elf_x86_64'
lt_cv_path_NM='/usr/bin/nm -B'
lt_cv_path_SED=/bin/sed
lt_cv_prog_compiler_c_o=yes
lt_cv_prog_compiler_c_o_CXX=yes
lt_cv_prog_compiler_c_o_F77=yes
lt_cv_prog_compiler_pic_works=yes
lt_cv_prog_compiler_pic_works_CXX=yes
lt_cv_prog_compiler_pic_works_F77=yes
lt_cv_prog_compiler_rtti_exceptions=no
lt_cv_prog_compiler_static_works=yes
lt_cv_prog_compiler_static_works_CXX=yes
lt_cv_prog_compiler_static_works_F77=yes
lt_cv_prog_gnu_ld=yes
lt_cv_prog_gnu_ldcxx=yes
lt_cv_sys_global_symbol_pipe='sed -n -e '\''s/^.*[ 	]\([ABCDGIRSTW][ABCDGIRSTW]*\)[ 	][ 	]*\([_A-Za-z][_A-Za-z0-9]*\)$/\1 \2 \2/p'\'''
lt_cv_sys_global_symbol_to_c_name_address='sed -n -e '\''s/^: \([^ ]*\) $/  {\"\1\", (lt_ptr) 0},/p'\'' -e '\''s/^[BCDEGRST] \([^ ]*\) \([^ ]*\)$/  {"\2", (lt_ptr) \&\2},/p'\'''
lt_cv_sys_global_symbol_to_cdecl='sed -n -e '\''s/^. .* \(.*\)$/extern int \1;/p'\'''
lt_cv_sys_lib_dlsearch_path_spec='/lib /usr/lib /usr/lib/x86_64-linux-gnu/libfakeroot /lib/i386-linux-gnu /usr/lib/i386-linux-gnu /lib/i686-linux-gnu /usr/lib/i686-linux-gnu /usr/lib/i386-linux-gnu/mesa-egl /usr/lib/i386-linux-gnu/mesa /usr/local/lib /opt/voc/lib /lib/x86_64-linux-gnu /usr/lib/x86_64-linux-gnu /usr/lib/x86_64-linux-gnu/mesa-egl /usr/lib/x86_64-linux-gnu/mesa /lib64 /usr/lib64 /lib32 /usr/lib32 /libx32 /usr/libx32 '
lt_cv_sys_lib_search_path_spec='/usr/lib/gcc/x86_64-linux-gnu/5 /usr/lib/x86_64-linux-gnu /usr/lib /lib/x86_64-linux-gnu /lib'
lt_cv_sys_max_cmd_len=3145728
lt_lt_cv_prog_compiler_c_o='"yes"'
lt_lt_cv_prog_compiler_c_o_CXX='"yes"'
lt_lt_cv_prog_compiler_c_o_F77='"yes"'
lt_lt_cv_sys_global_symbol_pipe='"sed -n -e '\''s/^.*[ 	]\\([ABCDGIRSTW][ABCDGIRSTW]*\\)[ 	][ 	]*\\([_A-Za-z][_A-Za-z0-9]*\\)\$/\\1 \\2 \\2/p'\''"'
lt_lt_cv_sys_global_symbol_to_c_name_address='"sed -n -e '\''s/^: \\([^ ]*\\) \$/  {\\\"\\1\\\", (lt_ptr) 0},/p'\'' -e '\''s/^[BCDEGRST] \\([^ ]*\\) \\([^ ]*\\)\$/  {\"\\2\", (lt_ptr) \\&\\2},/p'\''"'
lt_lt_cv_sys_global_symbol_to_cdecl='"sed -n -e '\''s/^. .* \\(.*\\)\$/extern int \\1;/p'\''"'

## ----------------- ##
## Output variables. ##
## ----------------- ##

CC='gcc'
CFLAGS='-g -O2'
CPP='gcc -E'
CPPFLAGS=''
DEFS='-DHAVE_CONFIG_H'
ECHO_C=''
ECHO_N='-n'
ECHO_T=''
EGREP='/bin/grep -E'
EXEEXT=''
GREP='/bin/grep'
LDFLAGS=''
LIBOBJS=''
LIBS=''
LTLIBOBJS=''
OBJEXT='o'
PACKAGE_BUGREPORT='clisp-list'
PACKAGE_NAME='i18n'
PACKAGE_STRING='i18n 1.0'
PACKAGE_TARNAME='i18n'
PACKAGE_VERSION='1.0'
PATH_SEPARATOR=':'
SHELL='/bin/sh'
ac_ct_CC='gcc'
bindir='${exec_prefix}/bin'
build_alias=''
datadir='${datarootdir}'
datarootdir='${prefix}/share'
docdir='${datarootdir}/doc/${PACKAGE_TARNAME}'
dvidir='${docdir}'
exec_prefix='${prefix}'
host_alias=''
htmldir='${docdir}'
includedir='${prefix}/include'
infodir='${datarootdir}/info'
libdir='${exec_prefix}/lib'
libexecdir='${exec_prefix}/libexec'
localedir='${datarootdir}/locale'
localstatedir='${prefix}/var'
mandir='${datarootdir}/man'
oldincludedir='/usr/include'
pdfdir='${docdir}'
prefix='/usr/local'
program_transform_name='s,x,x,'
psdir='${docdir}'
sbindir='${exec_prefix}/sbin'
sharedstatedir='${prefix}/com'
sysconfdir='${prefix}/etc'
target_alias=''

## ----------- ##
## confdefs.h. ##
## ----------- ##

#define PACKAGE_NAME "i18n"
#define PACKAGE_TARNAME "i18n"
#define PACKAGE_VERSION "1.0"
#define PACKAGE_STRING "i18n 1.0"
#define PACKAGE_BUGREPORT "clisp-list"
#define STDC_HEADERS 1
#define HAVE_SYS_TYPES_H 1
#define HAVE_SYS_STAT_H 1
#define HAVE_STDLIB_H 1
#define HAVE_STRING_H 1
#define HAVE_MEMORY_H 1
#define HAVE_STRINGS_H 1
#define HAVE_INTTYPES_H 1
#define HAVE_STDINT_H 1
#define HAVE_UNISTD_H 1
#define __EXTENSIONS__ 1
#define _ALL_SOURCE 1
#define _GNU_SOURCE 1
#define _POSIX_PTHREAD_SEMANTICS 1
#define _TANDEM_SOURCE 1
#define TIME_WITH_SYS_TIME 1
#define HAVE_LANGINFO_H 1
#define HAVE_NL_LANGINFO 1
#define HAVE_LOCALECONV 1
#define HAVE_STRUCT_LCONV_INT_P_CS_PRECEDES 1
#define HAVE_STRUCT_LCONV_INT_N_CS_PRECEDES 1
#define HAVE_STRUCT_LCONV_INT_P_SEP_BY_SPACE 1
#define HAVE_STRUCT_LCONV_INT_N_SEP_BY_SPACE 1
#define HAVE_STRUCT_LCONV_INT_P_SIGN_POSN 1
#define HAVE_STRUCT_LCONV_INT_N_SIGN_POSN 1

configure: exit 0
