This file contains any messages produced by compilers while
running configure, to aid debugging if configure makes a mistake.

It was created by syscalls configure 1.0, which was
generated by GNU Autoconf 2.62.  Invocation command line was

  $ ./configure --cache-file=../config.cache --srcdir=/home/gunter/GM_LANGUAGES/AI_RESEARCH/EMA_XPA/RUN_TIME/tmp/clisp-2.45/modules/syscalls --without-readline --with-libsigsegv-prefix=/home/gunter/GM_LANGUAGES/AI_RESEARCH/EMA_XPA/RUN_TIME/tmp

## --------- ##
## Platform. ##
## --------- ##

hostname = gunter-HP-G60
uname -m = x86_64
uname -r = 4.4.0-21-generic
uname -s = Linux
uname -v = #37-Ubuntu SMP Mon Apr 18 18:33:37 UTC 2016

/usr/bin/uname -p = unknown
/bin/uname -X     = unknown

/bin/arch              = unknown
/usr/bin/arch -k       = unknown
/usr/convex/getsysinfo = unknown
/usr/bin/hostinfo      = unknown
/bin/machine           = unknown
/usr/bin/oslevel       = unknown
/bin/universe          = unknown

PATH: /opt/voc/bin
PATH: /usr/local/sbin
PATH: /usr/local/bin
PATH: /usr/sbin
PATH: /usr/bin
PATH: /sbin
PATH: /bin
PATH: /usr/games
PATH: /usr/local/games
PATH: /usr/local/go/bin
PATH: /usr/local/plan9/bin
PATH: /usr/local/xds/bin
PATH: /usr/local/cm3/bin


## ----------- ##
## Core tests. ##
## ----------- ##

configure:1673: loading cache ../config.cache
configure:1824: [1m** System Calls (Common)[m
configure:1874: checking for gcc
configure:1901: result: gcc
configure:2139: checking for C compiler version
configure:2147: gcc --version >&5
gcc (Ubuntu 5.4.0-6ubuntu1~16.04.5) 5.4.0 20160609
Copyright (C) 2015 Free Software Foundation, Inc.
This is free software; see the source for copying conditions.  There is NO
warranty; not even for MERCHANTABILITY or FITNESS FOR A PARTICULAR PURPOSE.

configure:2151: $? = 0
configure:2158: gcc -v >&5
Using built-in specs.
COLLECT_GCC=gcc
COLLECT_LTO_WRAPPER=/usr/lib/gcc/x86_64-linux-gnu/5/lto-wrapper
Target: x86_64-linux-gnu
Configured with: ../src/configure -v --with-pkgversion='Ubuntu 5.4.0-6ubuntu1~16.04.5' --with-bugurl=file:///usr/share/doc/gcc-5/README.Bugs --enable-languages=c,ada,c++,java,go,d,fortran,objc,obj-c++ --prefix=/usr --program-suffix=-5 --enable-shared --enable-linker-build-id --libexecdir=/usr/lib --without-included-gettext --enable-threads=posix --libdir=/usr/lib --enable-nls --with-sysroot=/ --enable-clocale=gnu --enable-libstdcxx-debug --enable-libstdcxx-time=yes --with-default-libstdcxx-abi=new --enable-gnu-unique-object --disable-vtable-verify --enable-libmpx --enable-plugin --with-system-zlib --disable-browser-plugin --enable-java-awt=gtk --enable-gtk-cairo --with-java-home=/usr/lib/jvm/java-1.5.0-gcj-5-amd64/jre --enable-java-home --with-jvm-root-dir=/usr/lib/jvm/java-1.5.0-gcj-5-amd64 --with-jvm-jar-dir=/usr/lib/jvm-exports/java-1.5.0-gcj-5-amd64 --with-arch-directory=amd64 --with-ecj-jar=/usr/share/java/eclipse-ecj.jar --enable-objc-gc --enable-multiarch --disable-werror --with-arch-32=i686 --with-abi=m64 --with-multilib-list=m32,m64,mx32 --enable-multilib --with-tune=generic --enable-checking=release --build=x86_64-linux-gnu --host=x86_64-linux-gnu --target=x86_64-linux-gnu
Thread model: posix
gcc version 5.4.0 20160609 (Ubuntu 5.4.0-6ubuntu1~16.04.5) 
configure:2162: $? = 0
configure:2169: gcc -V >&5
gcc: error: unrecognized command line option '-V'
gcc: fatal error: no input files
compilation terminated.
configure:2173: $? = 1
configure:2196: checking for C compiler default output file name
configure:2218: gcc    conftest.c  >&5
configure:2222: $? = 0
configure:2260: result: a.out
configure:2277: checking whether the C compiler works
configure:2287: ./a.out
configure:2291: $? = 0
configure:2308: result: yes
configure:2315: checking whether we are cross compiling
configure:2317: result: no
configure:2320: checking for suffix of executables
configure:2327: gcc -o conftest    conftest.c  >&5
configure:2331: $? = 0
configure:2355: result: 
configure:2361: checking for suffix of object files
configure:2414: result: o
configure:2418: checking whether we are using the GNU C compiler
configure:2471: result: yes
configure:2480: checking whether gcc accepts -g
configure:2618: result: yes
configure:2635: checking for gcc option to accept ISO C89
configure:2739: result: none needed
configure:2762: checking how to run the C preprocessor
configure:2880: result: gcc -E
configure:2909: gcc -E  conftest.c
configure:2916: $? = 0
configure:2947: gcc -E  conftest.c
conftest.c:8:28: fatal error: ac_nonexistent.h: No such file or directory
compilation terminated.
configure:2954: $? = 1
configure: failed program was:
| /* confdefs.h.  */
| #define PACKAGE_NAME "syscalls"
| #define PACKAGE_TARNAME "syscalls"
| #define PACKAGE_VERSION "1.0"
| #define PACKAGE_STRING "syscalls 1.0"
| #define PACKAGE_BUGREPORT "clisp-list"
| /* end confdefs.h.  */
| #include <ac_nonexistent.h>
configure:2993: checking for grep that handles long lines and -e
configure:3053: result: /bin/grep
configure:3058: checking for egrep
configure:3122: result: /bin/grep -E
configure:3127: checking for ANSI C header files
configure:3295: result: yes
configure:3319: checking for sys/types.h
configure:3364: result: yes
configure:3319: checking for sys/stat.h
configure:3364: result: yes
configure:3319: checking for stdlib.h
configure:3364: result: yes
configure:3319: checking for string.h
configure:3364: result: yes
configure:3319: checking for memory.h
configure:3364: result: yes
configure:3319: checking for strings.h
configure:3364: result: yes
configure:3319: checking for inttypes.h
configure:3364: result: yes
configure:3319: checking for stdint.h
configure:3364: result: yes
configure:3319: checking for unistd.h
configure:3364: result: yes
configure:3379: checking for minix/config.h
configure:3384: result: no
configure:3537: checking whether it is safe to define __EXTENSIONS__
configure:3587: result: yes
configure:3611: checking whether time.h and sys/time.h may both be included
configure:3663: result: yes
configure:3675: [1m** System Calls (Headers)[m
configure:3677: checking for sys/utsname.h and struct utsname
configure:3728: result: yes
configure:3773: checking errno.h usability
configure:3790: gcc -c -g -O2  conftest.c >&5
configure:3797: $? = 0
configure:3811: result: yes
configure:3815: checking errno.h presence
configure:3830: gcc -E  conftest.c
configure:3837: $? = 0
configure:3851: result: yes
configure:3884: checking for errno.h
configure:3893: result: yes
configure:3773: checking fcntl.h usability
configure:3790: gcc -c -g -O2  conftest.c >&5
configure:3797: $? = 0
configure:3811: result: yes
configure:3815: checking fcntl.h presence
configure:3830: gcc -E  conftest.c
configure:3837: $? = 0
configure:3851: result: yes
configure:3884: checking for fcntl.h
configure:3893: result: yes
configure:3762: checking for netdb.h
configure:3769: result: yes
configure:3762: checking for sys/resource.h
configure:3769: result: yes
configure:3773: checking utime.h usability
configure:3790: gcc -c -g -O2  conftest.c >&5
configure:3797: $? = 0
configure:3811: result: yes
configure:3815: checking utime.h presence
configure:3830: gcc -E  conftest.c
configure:3837: $? = 0
configure:3851: result: yes
configure:3884: checking for utime.h
configure:3893: result: yes
configure:3762: checking for wchar.h
configure:3769: result: yes
configure:3773: checking pwd.h usability
configure:3790: gcc -c -g -O2  conftest.c >&5
configure:3797: $? = 0
configure:3811: result: yes
configure:3815: checking pwd.h presence
configure:3830: gcc -E  conftest.c
configure:3837: $? = 0
configure:3851: result: yes
configure:3884: checking for pwd.h
configure:3893: result: yes
configure:3773: checking sys/time.h usability
configure:3790: gcc -c -g -O2  conftest.c >&5
configure:3797: $? = 0
configure:3811: result: yes
configure:3815: checking sys/time.h presence
configure:3830: gcc -E  conftest.c
configure:3837: $? = 0
configure:3851: result: yes
configure:3884: checking for sys/time.h
configure:3893: result: yes
configure:3773: checking sys/unistd.h usability
configure:3790: gcc -c -g -O2  conftest.c >&5
configure:3797: $? = 0
configure:3811: result: yes
configure:3815: checking sys/unistd.h presence
configure:3830: gcc -E  conftest.c
configure:3837: $? = 0
configure:3851: result: yes
configure:3884: checking for sys/unistd.h
configure:3893: result: yes
configure:3773: checking time.h usability
configure:3790: gcc -c -g -O2  conftest.c >&5
configure:3797: $? = 0
configure:3811: result: yes
configure:3815: checking time.h presence
configure:3830: gcc -E  conftest.c
configure:3837: $? = 0
configure:3851: result: yes
configure:3884: checking for time.h
configure:3893: result: yes
configure:3762: checking for unistd.h
configure:3769: result: yes
configure:3773: checking syslog.h usability
configure:3790: gcc -c -g -O2  conftest.c >&5
configure:3797: $? = 0
configure:3811: result: yes
configure:3815: checking syslog.h presence
configure:3830: gcc -E  conftest.c
configure:3837: $? = 0
configure:3851: result: yes
configure:3884: checking for syslog.h
configure:3893: result: yes
configure:3773: checking signal.h usability
configure:3790: gcc -c -g -O2  conftest.c >&5
configure:3797: $? = 0
configure:3811: result: yes
configure:3815: checking signal.h presence
configure:3830: gcc -E  conftest.c
configure:3837: $? = 0
configure:3851: result: yes
configure:3884: checking for signal.h
configure:3893: result: yes
configure:3773: checking grp.h usability
configure:3790: gcc -c -g -O2  conftest.c >&5
configure:3797: $? = 0
configure:3811: result: yes
configure:3815: checking grp.h presence
configure:3830: gcc -E  conftest.c
configure:3837: $? = 0
configure:3851: result: yes
configure:3884: checking for grp.h
configure:3893: result: yes
configure:3773: checking crypt.h usability
configure:3790: gcc -c -g -O2  conftest.c >&5
configure:3797: $? = 0
configure:3811: result: yes
configure:3815: checking crypt.h presence
configure:3830: gcc -E  conftest.c
configure:3837: $? = 0
configure:3851: result: yes
configure:3884: checking for crypt.h
configure:3893: result: yes
configure:3773: checking utmpx.h usability
configure:3790: gcc -c -g -O2  conftest.c >&5
configure:3797: $? = 0
configure:3811: result: yes
configure:3815: checking utmpx.h presence
configure:3830: gcc -E  conftest.c
configure:3837: $? = 0
configure:3851: result: yes
configure:3884: checking for utmpx.h
configure:3893: result: yes
configure:3762: checking for stdlib.h
configure:3769: result: yes
configure:3773: checking shlobj.h usability
configure:3790: gcc -c -g -O2  conftest.c >&5
conftest.c:75:20: fatal error: shlobj.h: No such file or directory
compilation terminated.
configure:3797: $? = 1
configure: failed program was:
| /* confdefs.h.  */
| #define PACKAGE_NAME "syscalls"
| #define PACKAGE_TARNAME "syscalls"
| #define PACKAGE_VERSION "1.0"
| #define PACKAGE_STRING "syscalls 1.0"
| #define PACKAGE_BUGREPORT "clisp-list"
| #define STDC_HEADERS 1
| #define HAVE_SYS_TYPES_H 1
| #define HAVE_SYS_STAT_H 1
| #define HAVE_STDLIB_H 1
| #define HAVE_STRING_H 1
| #define HAVE_MEMORY_H 1
| #define HAVE_STRINGS_H 1
| #define HAVE_INTTYPES_H 1
| #define HAVE_STDINT_H 1
| #define HAVE_UNISTD_H 1
| #define __EXTENSIONS__ 1
| #define _ALL_SOURCE 1
| #define _GNU_SOURCE 1
| #define _POSIX_PTHREAD_SEMANTICS 1
| #define _TANDEM_SOURCE 1
| #define TIME_WITH_SYS_TIME 1
| #define HAVE_SYS_UTSNAME_H /**/
| #define HAVE_ERRNO_H 1
| #define HAVE_FCNTL_H 1
| #define HAVE_NETDB_H 1
| #define HAVE_SYS_RESOURCE_H 1
| #define HAVE_UTIME_H 1
| #define HAVE_WCHAR_H 1
| #define HAVE_PWD_H 1
| #define HAVE_SYS_TIME_H 1
| #define HAVE_SYS_UNISTD_H 1
| #define HAVE_TIME_H 1
| #define HAVE_UNISTD_H 1
| #define HAVE_SYSLOG_H 1
| #define HAVE_SIGNAL_H 1
| #define HAVE_GRP_H 1
| #define HAVE_CRYPT_H 1
| #define HAVE_UTMPX_H 1
| #define HAVE_STDLIB_H 1
| /* end confdefs.h.  */
| #include <stdio.h>
| #ifdef HAVE_SYS_TYPES_H
| # include <sys/types.h>
| #endif
| #ifdef HAVE_SYS_STAT_H
| # include <sys/stat.h>
| #endif
| #ifdef STDC_HEADERS
| # include <stdlib.h>
| # include <stddef.h>
| #else
| # ifdef HAVE_STDLIB_H
| #  include <stdlib.h>
| # endif
| #endif
| #ifdef HAVE_STRING_H
| # if !defined STDC_HEADERS && defined HAVE_MEMORY_H
| #  include <memory.h>
| # endif
| # include <string.h>
| #endif
| #ifdef HAVE_STRINGS_H
| # include <strings.h>
| #endif
| #ifdef HAVE_INTTYPES_H
| # include <inttypes.h>
| #endif
| #ifdef HAVE_STDINT_H
| # include <stdint.h>
| #endif
| #ifdef HAVE_UNISTD_H
| # include <unistd.h>
| #endif
| #include <shlobj.h>
configure:3811: result: no
configure:3815: checking shlobj.h presence
configure:3830: gcc -E  conftest.c
conftest.c:42:20: fatal error: shlobj.h: No such file or directory
compilation terminated.
configure:3837: $? = 1
configure: failed program was:
| /* confdefs.h.  */
| #define PACKAGE_NAME "syscalls"
| #define PACKAGE_TARNAME "syscalls"
| #define PACKAGE_VERSION "1.0"
| #define PACKAGE_STRING "syscalls 1.0"
| #define PACKAGE_BUGREPORT "clisp-list"
| #define STDC_HEADERS 1
| #define HAVE_SYS_TYPES_H 1
| #define HAVE_SYS_STAT_H 1
| #define HAVE_STDLIB_H 1
| #define HAVE_STRING_H 1
| #define HAVE_MEMORY_H 1
| #define HAVE_STRINGS_H 1
| #define HAVE_INTTYPES_H 1
| #define HAVE_STDINT_H 1
| #define HAVE_UNISTD_H 1
| #define __EXTENSIONS__ 1
| #define _ALL_SOURCE 1
| #define _GNU_SOURCE 1
| #define _POSIX_PTHREAD_SEMANTICS 1
| #define _TANDEM_SOURCE 1
| #define TIME_WITH_SYS_TIME 1
| #define HAVE_SYS_UTSNAME_H /**/
| #define HAVE_ERRNO_H 1
| #define HAVE_FCNTL_H 1
| #define HAVE_NETDB_H 1
| #define HAVE_SYS_RESOURCE_H 1
| #define HAVE_UTIME_H 1
| #define HAVE_WCHAR_H 1
| #define HAVE_PWD_H 1
| #define HAVE_SYS_TIME_H 1
| #define HAVE_SYS_UNISTD_H 1
| #define HAVE_TIME_H 1
| #define HAVE_UNISTD_H 1
| #define HAVE_SYSLOG_H 1
| #define HAVE_SIGNAL_H 1
| #define HAVE_GRP_H 1
| #define HAVE_CRYPT_H 1
| #define HAVE_UTMPX_H 1
| #define HAVE_STDLIB_H 1
| /* end confdefs.h.  */
| #include <shlobj.h>
configure:3851: result: no
configure:3884: checking for shlobj.h
configure:3893: result: no
configure:3762: checking for netinet/in.h
configure:3769: result: yes
configure:3762: checking for arpa/inet.h
configure:3769: result: yes
configure:3914: checking size of off_t
configure:4255: result: 8
configure:4269: checking size of gid_t
configure:4572: gcc -o conftest -g -O2   conftest.c  >&5
configure:4576: $? = 0
configure:4582: ./conftest
configure:4586: $? = 0
configure:4610: result: 4
configure:4624: checking size of pid_t
configure:4927: gcc -o conftest -g -O2   conftest.c  >&5
configure:4931: $? = 0
configure:4937: ./conftest
configure:4941: $? = 0
configure:4965: result: 4
configure:4979: checking size of uid_t
configure:5282: gcc -o conftest -g -O2   conftest.c  >&5
configure:5286: $? = 0
configure:5292: ./conftest
configure:5296: $? = 0
configure:5320: result: 4
configure:5331: checking for struct utmpx.ut_host
configure:5360: gcc -c -g -O2  conftest.c >&5
configure:5367: $? = 0
configure:5426: result: yes
configure:5439: [1m** System Calls (Functions)[m
configure:5446: checking for getrlimit
configure:5531: result: yes
configure:5446: checking for setrlimit
configure:5531: result: yes
configure:5546: checking size of rlim_t
configure:5899: result: 8
configure:5909: checking for getrlimit declaration
configure:5983: result: 
         extern int getrlimit (enum __rlimit_resource, struct rlimit *);
configure:5992: checking for setrlimit declaration
configure:6067: result: 
         extern int setrlimit (enum __rlimit_resource, const struct rlimit *);
configure:6078: checking whether gethostent requires -lnsl
configure:6194: result: no
configure:6199: checking whether setsockopt requires -lsocket
configure:6315: result: no
configure:6320: checking for library containing crypt
configure:6361: gcc -o conftest -g -O2   conftest.c  >&5
/tmp/ccQJtYVY.o: In function `main':
/home/gunter/GM_LANGUAGES/AI_RESEARCH/EMA_XPA/RUN_TIME/tmp/clisp-2.45/src/syscalls/conftest.c:65: undefined reference to `crypt'
collect2: error: ld returned 1 exit status
configure:6368: $? = 1
configure: failed program was:
| /* confdefs.h.  */
| #define PACKAGE_NAME "syscalls"
| #define PACKAGE_TARNAME "syscalls"
| #define PACKAGE_VERSION "1.0"
| #define PACKAGE_STRING "syscalls 1.0"
| #define PACKAGE_BUGREPORT "clisp-list"
| #define STDC_HEADERS 1
| #define HAVE_SYS_TYPES_H 1
| #define HAVE_SYS_STAT_H 1
| #define HAVE_STDLIB_H 1
| #define HAVE_STRING_H 1
| #define HAVE_MEMORY_H 1
| #define HAVE_STRINGS_H 1
| #define HAVE_INTTYPES_H 1
| #define HAVE_STDINT_H 1
| #define HAVE_UNISTD_H 1
| #define __EXTENSIONS__ 1
| #define _ALL_SOURCE 1
| #define _GNU_SOURCE 1
| #define _POSIX_PTHREAD_SEMANTICS 1
| #define _TANDEM_SOURCE 1
| #define TIME_WITH_SYS_TIME 1
| #define HAVE_SYS_UTSNAME_H /**/
| #define HAVE_ERRNO_H 1
| #define HAVE_FCNTL_H 1
| #define HAVE_NETDB_H 1
| #define HAVE_SYS_RESOURCE_H 1
| #define HAVE_UTIME_H 1
| #define HAVE_WCHAR_H 1
| #define HAVE_PWD_H 1
| #define HAVE_SYS_TIME_H 1
| #define HAVE_SYS_UNISTD_H 1
| #define HAVE_TIME_H 1
| #define HAVE_UNISTD_H 1
| #define HAVE_SYSLOG_H 1
| #define HAVE_SIGNAL_H 1
| #define HAVE_GRP_H 1
| #define HAVE_CRYPT_H 1
| #define HAVE_UTMPX_H 1
| #define HAVE_STDLIB_H 1
| #define HAVE_NETINET_IN_H 1
| #define HAVE_ARPA_INET_H 1
| #define SIZEOF_OFF_T 8
| #define SIZEOF_GID_T 4
| #define SIZEOF_PID_T 4
| #define SIZEOF_UID_T 4
| #define HAVE_STRUCT_UTMPX_UT_HOST 1
| #define HAVE_GETRLIMIT 1
| #define HAVE_SETRLIMIT 1
| #define SIZEOF_RLIM_T 8
| #define RLIMIT_RESOURCE_T enum __rlimit_resource
| #define SETRLIMIT_CONST const
| /* end confdefs.h.  */
| 
| /* Override any GCC internal prototype to avoid an error.
|    Use char because int might match the return type of a GCC
|    builtin and then its argument prototype would still apply.  */
| #ifdef __cplusplus
| extern "C"
| #endif
| char crypt ();
| int
| main ()
| {
| return crypt ();
|   ;
|   return 0;
| }
configure:6361: gcc -o conftest -g -O2   conftest.c -lcrypt   >&5
configure:6368: $? = 0
configure:6399: result: -lcrypt
configure:6407: checking for library containing erf
configure:6448: gcc -o conftest -g -O2   conftest.c -lcrypt  >&5
conftest.c:61:6: warning: conflicting types for built-in function 'erf'
 char erf ();
      ^
/tmp/cc8m4Kaf.o: In function `main':
/home/gunter/GM_LANGUAGES/AI_RESEARCH/EMA_XPA/RUN_TIME/tmp/clisp-2.45/src/syscalls/conftest.c:65: undefined reference to `erf'
collect2: error: ld returned 1 exit status
configure:6455: $? = 1
configure: failed program was:
| /* confdefs.h.  */
| #define PACKAGE_NAME "syscalls"
| #define PACKAGE_TARNAME "syscalls"
| #define PACKAGE_VERSION "1.0"
| #define PACKAGE_STRING "syscalls 1.0"
| #define PACKAGE_BUGREPORT "clisp-list"
| #define STDC_HEADERS 1
| #define HAVE_SYS_TYPES_H 1
| #define HAVE_SYS_STAT_H 1
| #define HAVE_STDLIB_H 1
| #define HAVE_STRING_H 1
| #define HAVE_MEMORY_H 1
| #define HAVE_STRINGS_H 1
| #define HAVE_INTTYPES_H 1
| #define HAVE_STDINT_H 1
| #define HAVE_UNISTD_H 1
| #define __EXTENSIONS__ 1
| #define _ALL_SOURCE 1
| #define _GNU_SOURCE 1
| #define _POSIX_PTHREAD_SEMANTICS 1
| #define _TANDEM_SOURCE 1
| #define TIME_WITH_SYS_TIME 1
| #define HAVE_SYS_UTSNAME_H /**/
| #define HAVE_ERRNO_H 1
| #define HAVE_FCNTL_H 1
| #define HAVE_NETDB_H 1
| #define HAVE_SYS_RESOURCE_H 1
| #define HAVE_UTIME_H 1
| #define HAVE_WCHAR_H 1
| #define HAVE_PWD_H 1
| #define HAVE_SYS_TIME_H 1
| #define HAVE_SYS_UNISTD_H 1
| #define HAVE_TIME_H 1
| #define HAVE_UNISTD_H 1
| #define HAVE_SYSLOG_H 1
| #define HAVE_SIGNAL_H 1
| #define HAVE_GRP_H 1
| #define HAVE_CRYPT_H 1
| #define HAVE_UTMPX_H 1
| #define HAVE_STDLIB_H 1
| #define HAVE_NETINET_IN_H 1
| #define HAVE_ARPA_INET_H 1
| #define SIZEOF_OFF_T 8
| #define SIZEOF_GID_T 4
| #define SIZEOF_PID_T 4
| #define SIZEOF_UID_T 4
| #define HAVE_STRUCT_UTMPX_UT_HOST 1
| #define HAVE_GETRLIMIT 1
| #define HAVE_SETRLIMIT 1
| #define SIZEOF_RLIM_T 8
| #define RLIMIT_RESOURCE_T enum __rlimit_resource
| #define SETRLIMIT_CONST const
| /* end confdefs.h.  */
| 
| /* Override any GCC internal prototype to avoid an error.
|    Use char because int might match the return type of a GCC
|    builtin and then its argument prototype would still apply.  */
| #ifdef __cplusplus
| extern "C"
| #endif
| char erf ();
| int
| main ()
| {
| return erf ();
|   ;
|   return 0;
| }
configure:6448: gcc -o conftest -g -O2   conftest.c -lm  -lcrypt  >&5
conftest.c:61:6: warning: conflicting types for built-in function 'erf'
 char erf ();
      ^
configure:6455: $? = 0
configure:6486: result: -lm
configure:6585: checking for clock
configure:6641: gcc -o conftest -g -O2   conftest.c -lm -lcrypt  >&5
configure:6648: $? = 0
configure:6670: result: yes
configure:6585: checking for getloadavg
configure:6641: gcc -o conftest -g -O2   conftest.c -lm -lcrypt  >&5
configure:6648: $? = 0
configure:6670: result: yes
configure:6585: checking for confstr
configure:6641: gcc -o conftest -g -O2   conftest.c -lm -lcrypt  >&5
configure:6648: $? = 0
configure:6670: result: yes
configure:6585: checking for fcntl
configure:6641: gcc -o conftest -g -O2   conftest.c -lm -lcrypt  >&5
configure:6648: $? = 0
configure:6670: result: yes
configure:6585: checking for gethostent
configure:6670: result: yes
configure:6585: checking for sysconf
configure:6670: result: yes
configure:6585: checking for uname
configure:6641: gcc -o conftest -g -O2   conftest.c -lm -lcrypt  >&5
configure:6648: $? = 0
configure:6670: result: yes
configure:6585: checking for getlogin
configure:6641: gcc -o conftest -g -O2   conftest.c -lm -lcrypt  >&5
configure:6648: $? = 0
configure:6670: result: yes
configure:6585: checking for getpwent
configure:6641: gcc -o conftest -g -O2   conftest.c -lm -lcrypt  >&5
configure:6648: $? = 0
configure:6670: result: yes
configure:6585: checking for getpwnam
configure:6670: result: yes
configure:6585: checking for getpwuid
configure:6641: gcc -o conftest -g -O2   conftest.c -lm -lcrypt  >&5
configure:6648: $? = 0
configure:6670: result: yes
configure:6585: checking for endpwent
configure:6641: gcc -o conftest -g -O2   conftest.c -lm -lcrypt  >&5
configure:6648: $? = 0
configure:6670: result: yes
configure:6585: checking for setpwent
configure:6641: gcc -o conftest -g -O2   conftest.c -lm -lcrypt  >&5
configure:6648: $? = 0
configure:6670: result: yes
configure:6585: checking for getservbyport
configure:6641: gcc -o conftest -g -O2   conftest.c -lm -lcrypt  >&5
configure:6648: $? = 0
configure:6670: result: yes
configure:6585: checking for getservbyname
configure:6641: gcc -o conftest -g -O2   conftest.c -lm -lcrypt  >&5
configure:6648: $? = 0
configure:6670: result: yes
configure:6585: checking for getservent
configure:6641: gcc -o conftest -g -O2   conftest.c -lm -lcrypt  >&5
configure:6648: $? = 0
configure:6670: result: yes
configure:6585: checking for setservent
configure:6641: gcc -o conftest -g -O2   conftest.c -lm -lcrypt  >&5
configure:6648: $? = 0
configure:6670: result: yes
configure:6585: checking for endservent
configure:6641: gcc -o conftest -g -O2   conftest.c -lm -lcrypt  >&5
configure:6648: $? = 0
configure:6670: result: yes
configure:6585: checking for openlog
configure:6641: gcc -o conftest -g -O2   conftest.c -lm -lcrypt  >&5
configure:6648: $? = 0
configure:6670: result: yes
configure:6585: checking for setlogmask
configure:6641: gcc -o conftest -g -O2   conftest.c -lm -lcrypt  >&5
configure:6648: $? = 0
configure:6670: result: yes
configure:6585: checking for syslog
configure:6641: gcc -o conftest -g -O2   conftest.c -lm -lcrypt  >&5
configure:6648: $? = 0
configure:6670: result: yes
configure:6585: checking for closelog
configure:6641: gcc -o conftest -g -O2   conftest.c -lm -lcrypt  >&5
configure:6648: $? = 0
configure:6670: result: yes
configure:6585: checking for strftime
configure:6641: gcc -o conftest -g -O2   conftest.c -lm -lcrypt  >&5
conftest.c:99:6: warning: conflicting types for built-in function 'strftime'
 char strftime ();
      ^
configure:6648: $? = 0
configure:6670: result: yes
configure:6585: checking for strptime
configure:6641: gcc -o conftest -g -O2   conftest.c -lm -lcrypt  >&5
configure:6648: $? = 0
configure:6670: result: yes
configure:6585: checking for mktime
configure:6641: gcc -o conftest -g -O2   conftest.c -lm -lcrypt  >&5
configure:6648: $? = 0
configure:6670: result: yes
configure:6585: checking for getppid
configure:6641: gcc -o conftest -g -O2   conftest.c -lm -lcrypt  >&5
configure:6648: $? = 0
configure:6670: result: yes
configure:6585: checking for getpgid
configure:6641: gcc -o conftest -g -O2   conftest.c -lm -lcrypt  >&5
configure:6648: $? = 0
configure:6670: result: yes
configure:6585: checking for getsid
configure:6641: gcc -o conftest -g -O2   conftest.c -lm -lcrypt  >&5
configure:6648: $? = 0
configure:6670: result: yes
configure:6585: checking for setpgid
configure:6670: result: yes
configure:6585: checking for setsid
configure:6670: result: yes
configure:6585: checking for kill
configure:6641: gcc -o conftest -g -O2   conftest.c -lm -lcrypt  >&5
configure:6648: $? = 0
configure:6670: result: yes
configure:6585: checking for pathconf
configure:6641: gcc -o conftest -g -O2   conftest.c -lm -lcrypt  >&5
configure:6648: $? = 0
configure:6670: result: yes
configure:6585: checking for fpathconf
configure:6641: gcc -o conftest -g -O2   conftest.c -lm -lcrypt  >&5
configure:6648: $? = 0
configure:6670: result: yes
configure:6585: checking for realpath
configure:6670: result: yes
configure:6585: checking for getpgrp
configure:6641: gcc -o conftest -g -O2   conftest.c -lm -lcrypt  >&5
configure:6648: $? = 0
configure:6670: result: yes
configure:6585: checking for setpgrp
configure:6641: gcc -o conftest -g -O2   conftest.c -lm -lcrypt  >&5
configure:6648: $? = 0
configure:6670: result: yes
configure:6585: checking for getgrgid
configure:6641: gcc -o conftest -g -O2   conftest.c -lm -lcrypt  >&5
configure:6648: $? = 0
configure:6670: result: yes
configure:6585: checking for getgrnam
configure:6641: gcc -o conftest -g -O2   conftest.c -lm -lcrypt  >&5
configure:6648: $? = 0
configure:6670: result: yes
configure:6585: checking for getgrent
configure:6641: gcc -o conftest -g -O2   conftest.c -lm -lcrypt  >&5
configure:6648: $? = 0
configure:6670: result: yes
configure:6585: checking for endgrent
configure:6641: gcc -o conftest -g -O2   conftest.c -lm -lcrypt  >&5
configure:6648: $? = 0
configure:6670: result: yes
configure:6585: checking for setgrent
configure:6641: gcc -o conftest -g -O2   conftest.c -lm -lcrypt  >&5
configure:6648: $? = 0
configure:6670: result: yes
configure:6585: checking for endutxent
configure:6641: gcc -o conftest -g -O2   conftest.c -lm -lcrypt  >&5
configure:6648: $? = 0
configure:6670: result: yes
configure:6585: checking for getutxent
configure:6641: gcc -o conftest -g -O2   conftest.c -lm -lcrypt  >&5
configure:6648: $? = 0
configure:6670: result: yes
configure:6585: checking for getutxid
configure:6641: gcc -o conftest -g -O2   conftest.c -lm -lcrypt  >&5
configure:6648: $? = 0
configure:6670: result: yes
configure:6585: checking for getutxline
configure:6641: gcc -o conftest -g -O2   conftest.c -lm -lcrypt  >&5
configure:6648: $? = 0
configure:6670: result: yes
configure:6585: checking for pututxline
configure:6641: gcc -o conftest -g -O2   conftest.c -lm -lcrypt  >&5
configure:6648: $? = 0
configure:6670: result: yes
configure:6585: checking for setutxent
configure:6641: gcc -o conftest -g -O2   conftest.c -lm -lcrypt  >&5
configure:6648: $? = 0
configure:6670: result: yes
configure:6585: checking for mkfifo
configure:6641: gcc -o conftest -g -O2   conftest.c -lm -lcrypt  >&5
configure:6648: $? = 0
configure:6670: result: yes
configure:6585: checking for mkdir
configure:6641: gcc -o conftest -g -O2   conftest.c -lm -lcrypt  >&5
configure:6648: $? = 0
configure:6670: result: yes
configure:6585: checking for creat
configure:6641: gcc -o conftest -g -O2   conftest.c -lm -lcrypt  >&5
configure:6648: $? = 0
configure:6670: result: yes
configure:6585: checking for mkstemp
configure:6641: gcc -o conftest -g -O2   conftest.c -lm -lcrypt  >&5
configure:6648: $? = 0
configure:6670: result: yes
configure:6585: checking for tempnam
configure:6641: gcc -o conftest -g -O2   conftest.c -lm -lcrypt  >&5
/tmp/ccx2RGrI.o: In function `main':
/home/gunter/GM_LANGUAGES/AI_RESEARCH/EMA_XPA/RUN_TIME/tmp/clisp-2.45/src/syscalls/conftest.c:139: warning: the use of `tempnam' is dangerous, better use `mkstemp'
configure:6648: $? = 0
configure:6670: result: yes
configure:6585: checking for mkdtemp
configure:6641: gcc -o conftest -g -O2   conftest.c -lm -lcrypt  >&5
configure:6648: $? = 0
configure:6670: result: yes
configure:6585: checking for getegid
configure:6641: gcc -o conftest -g -O2   conftest.c -lm -lcrypt  >&5
configure:6648: $? = 0
configure:6670: result: yes
configure:6585: checking for geteuid
configure:6641: gcc -o conftest -g -O2   conftest.c -lm -lcrypt  >&5
configure:6648: $? = 0
configure:6670: result: yes
configure:6585: checking for getgid
configure:6641: gcc -o conftest -g -O2   conftest.c -lm -lcrypt  >&5
configure:6648: $? = 0
configure:6670: result: yes
configure:6585: checking for getuid
configure:6641: gcc -o conftest -g -O2   conftest.c -lm -lcrypt  >&5
configure:6648: $? = 0
configure:6670: result: yes
configure:6585: checking for setegid
configure:6641: gcc -o conftest -g -O2   conftest.c -lm -lcrypt  >&5
configure:6648: $? = 0
configure:6670: result: yes
configure:6585: checking for seteuid
configure:6641: gcc -o conftest -g -O2   conftest.c -lm -lcrypt  >&5
configure:6648: $? = 0
configure:6670: result: yes
configure:6585: checking for setgid
configure:6641: gcc -o conftest -g -O2   conftest.c -lm -lcrypt  >&5
configure:6648: $? = 0
configure:6670: result: yes
configure:6585: checking for setuid
configure:6641: gcc -o conftest -g -O2   conftest.c -lm -lcrypt  >&5
configure:6648: $? = 0
configure:6670: result: yes
configure:6585: checking for setreuid
configure:6641: gcc -o conftest -g -O2   conftest.c -lm -lcrypt  >&5
configure:6648: $? = 0
configure:6670: result: yes
configure:6585: checking for setregid
configure:6641: gcc -o conftest -g -O2   conftest.c -lm -lcrypt  >&5
configure:6648: $? = 0
configure:6670: result: yes
configure:6585: checking for getgroups
configure:6641: gcc -o conftest -g -O2   conftest.c -lm -lcrypt  >&5
configure:6648: $? = 0
configure:6670: result: yes
configure:6585: checking for setgroups
configure:6641: gcc -o conftest -g -O2   conftest.c -lm -lcrypt  >&5
configure:6648: $? = 0
configure:6670: result: yes
configure:6585: checking for fchmod
configure:6670: result: yes
configure:6585: checking for fchown
configure:6641: gcc -o conftest -g -O2   conftest.c -lm -lcrypt  >&5
configure:6648: $? = 0
configure:6670: result: yes
configure:6585: checking for fstat
configure:6641: gcc -o conftest -g -O2   conftest.c -lm -lcrypt  >&5
configure:6648: $? = 0
configure:6670: result: yes
configure:6585: checking for link
configure:6641: gcc -o conftest -g -O2   conftest.c -lm -lcrypt  >&5
configure:6648: $? = 0
configure:6670: result: yes
configure:6585: checking for stat
configure:6641: gcc -o conftest -g -O2   conftest.c -lm -lcrypt  >&5
configure:6648: $? = 0
configure:6670: result: yes
configure:6585: checking for symlink
configure:6641: gcc -o conftest -g -O2   conftest.c -lm -lcrypt  >&5
configure:6648: $? = 0
configure:6670: result: yes
configure:6585: checking for utime
configure:6641: gcc -o conftest -g -O2   conftest.c -lm -lcrypt  >&5
configure:6648: $? = 0
configure:6670: result: yes
configure:6585: checking for mknod
configure:6641: gcc -o conftest -g -O2   conftest.c -lm -lcrypt  >&5
configure:6648: $? = 0
configure:6670: result: yes
configure:6585: checking for chmod
configure:6641: gcc -o conftest -g -O2   conftest.c -lm -lcrypt  >&5
configure:6648: $? = 0
configure:6670: result: yes
configure:6585: checking for umask
configure:6641: gcc -o conftest -g -O2   conftest.c -lm -lcrypt  >&5
configure:6648: $? = 0
configure:6670: result: yes
configure:6585: checking for fsync
configure:6670: result: yes
configure:6585: checking for sync
configure:6641: gcc -o conftest -g -O2   conftest.c -lm -lcrypt  >&5
configure:6648: $? = 0
configure:6670: result: yes
configure:6585: checking for erf
configure:6641: gcc -o conftest -g -O2   conftest.c -lm -lcrypt  >&5
conftest.c:154:6: warning: conflicting types for built-in function 'erf'
 char erf ();
      ^
configure:6648: $? = 0
configure:6670: result: yes
configure:6585: checking for erfc
configure:6641: gcc -o conftest -g -O2   conftest.c -lm -lcrypt  >&5
conftest.c:155:6: warning: conflicting types for built-in function 'erfc'
 char erfc ();
      ^
configure:6648: $? = 0
configure:6670: result: yes
configure:6585: checking for lgamma
configure:6641: gcc -o conftest -g -O2   conftest.c -lm -lcrypt  >&5
conftest.c:156:6: warning: conflicting types for built-in function 'lgamma'
 char lgamma ();
      ^
configure:6648: $? = 0
configure:6670: result: yes
configure:6585: checking for tgamma
configure:6641: gcc -o conftest -g -O2   conftest.c -lm -lcrypt  >&5
conftest.c:157:6: warning: conflicting types for built-in function 'tgamma'
 char tgamma ();
      ^
configure:6648: $? = 0
configure:6670: result: yes
configure:6585: checking for fstatvfs
configure:6641: gcc -o conftest -g -O2   conftest.c -lm -lcrypt  >&5
configure:6648: $? = 0
configure:6670: result: yes
configure:6585: checking for statvfs
configure:6641: gcc -o conftest -g -O2   conftest.c -lm -lcrypt  >&5
configure:6648: $? = 0
configure:6670: result: yes
configure:6585: checking for getpriority
configure:6641: gcc -o conftest -g -O2   conftest.c -lm -lcrypt  >&5
configure:6648: $? = 0
configure:6670: result: yes
configure:6585: checking for setpriority
configure:6641: gcc -o conftest -g -O2   conftest.c -lm -lcrypt  >&5
configure:6648: $? = 0
configure:6670: result: yes
configure:6585: checking for crypt
configure:6641: gcc -o conftest -g -O2   conftest.c -lm -lcrypt  >&5
configure:6648: $? = 0
configure:6670: result: yes
configure:6585: checking for encrypt
configure:6641: gcc -o conftest -g -O2   conftest.c -lm -lcrypt  >&5
configure:6648: $? = 0
configure:6670: result: yes
configure:6585: checking for setkey
configure:6641: gcc -o conftest -g -O2   conftest.c -lm -lcrypt  >&5
configure:6648: $? = 0
configure:6670: result: yes
configure:6585: checking for GlobalMemoryStatusEx
configure:6641: gcc -o conftest -g -O2   conftest.c -lm -lcrypt  >&5
/tmp/cce7iiuO.o: In function `main':
/home/gunter/GM_LANGUAGES/AI_RESEARCH/EMA_XPA/RUN_TIME/tmp/clisp-2.45/src/syscalls/conftest.c:176: undefined reference to `GlobalMemoryStatusEx'
collect2: error: ld returned 1 exit status
configure:6648: $? = 1
configure: failed program was:
| /* confdefs.h.  */
| #define PACKAGE_NAME "syscalls"
| #define PACKAGE_TARNAME "syscalls"
| #define PACKAGE_VERSION "1.0"
| #define PACKAGE_STRING "syscalls 1.0"
| #define PACKAGE_BUGREPORT "clisp-list"
| #define STDC_HEADERS 1
| #define HAVE_SYS_TYPES_H 1
| #define HAVE_SYS_STAT_H 1
| #define HAVE_STDLIB_H 1
| #define HAVE_STRING_H 1
| #define HAVE_MEMORY_H 1
| #define HAVE_STRINGS_H 1
| #define HAVE_INTTYPES_H 1
| #define HAVE_STDINT_H 1
| #define HAVE_UNISTD_H 1
| #define __EXTENSIONS__ 1
| #define _ALL_SOURCE 1
| #define _GNU_SOURCE 1
| #define _POSIX_PTHREAD_SEMANTICS 1
| #define _TANDEM_SOURCE 1
| #define TIME_WITH_SYS_TIME 1
| #define HAVE_SYS_UTSNAME_H /**/
| #define HAVE_ERRNO_H 1
| #define HAVE_FCNTL_H 1
| #define HAVE_NETDB_H 1
| #define HAVE_SYS_RESOURCE_H 1
| #define HAVE_UTIME_H 1
| #define HAVE_WCHAR_H 1
| #define HAVE_PWD_H 1
| #define HAVE_SYS_TIME_H 1
| #define HAVE_SYS_UNISTD_H 1
| #define HAVE_TIME_H 1
| #define HAVE_UNISTD_H 1
| #define HAVE_SYSLOG_H 1
| #define HAVE_SIGNAL_H 1
| #define HAVE_GRP_H 1
| #define HAVE_CRYPT_H 1
| #define HAVE_UTMPX_H 1
| #define HAVE_STDLIB_H 1
| #define HAVE_NETINET_IN_H 1
| #define HAVE_ARPA_INET_H 1
| #define SIZEOF_OFF_T 8
| #define SIZEOF_GID_T 4
| #define SIZEOF_PID_T 4
| #define SIZEOF_UID_T 4
| #define HAVE_STRUCT_UTMPX_UT_HOST 1
| #define HAVE_GETRLIMIT 1
| #define HAVE_SETRLIMIT 1
| #define SIZEOF_RLIM_T 8
| #define RLIMIT_RESOURCE_T enum __rlimit_resource
| #define SETRLIMIT_CONST const
| #define HAVE_CLOCK 1
| #define HAVE_GETLOADAVG 1
| #define HAVE_CONFSTR 1
| #define HAVE_FCNTL 1
| #define HAVE_GETHOSTENT 1
| #define HAVE_SYSCONF 1
| #define HAVE_UNAME 1
| #define HAVE_GETLOGIN 1
| #define HAVE_GETPWENT 1
| #define HAVE_GETPWNAM 1
| #define HAVE_GETPWUID 1
| #define HAVE_ENDPWENT 1
| #define HAVE_SETPWENT 1
| #define HAVE_GETSERVBYPORT 1
| #define HAVE_GETSERVBYNAME 1
| #define HAVE_GETSERVENT 1
| #define HAVE_SETSERVENT 1
| #define HAVE_ENDSERVENT 1
| #define HAVE_OPENLOG 1
| #define HAVE_SETLOGMASK 1
| #define HAVE_SYSLOG 1
| #define HAVE_CLOSELOG 1
| #define HAVE_STRFTIME 1
| #define HAVE_STRPTIME 1
| #define HAVE_MKTIME 1
| #define HAVE_GETPPID 1
| #define HAVE_GETPGID 1
| #define HAVE_GETSID 1
| #define HAVE_SETPGID 1
| #define HAVE_SETSID 1
| #define HAVE_KILL 1
| #define HAVE_PATHCONF 1
| #define HAVE_FPATHCONF 1
| #define HAVE_REALPATH 1
| #define HAVE_GETPGRP 1
| #define HAVE_SETPGRP 1
| #define HAVE_GETGRGID 1
| #define HAVE_GETGRNAM 1
| #define HAVE_GETGRENT 1
| #define HAVE_ENDGRENT 1
| #define HAVE_SETGRENT 1
| #define HAVE_ENDUTXENT 1
| #define HAVE_GETUTXENT 1
| #define HAVE_GETUTXID 1
| #define HAVE_GETUTXLINE 1
| #define HAVE_PUTUTXLINE 1
| #define HAVE_SETUTXENT 1
| #define HAVE_MKFIFO 1
| #define HAVE_MKDIR 1
| #define HAVE_CREAT 1
| #define HAVE_MKSTEMP 1
| #define HAVE_TEMPNAM 1
| #define HAVE_MKDTEMP 1
| #define HAVE_GETEGID 1
| #define HAVE_GETEUID 1
| #define HAVE_GETGID 1
| #define HAVE_GETUID 1
| #define HAVE_SETEGID 1
| #define HAVE_SETEUID 1
| #define HAVE_SETGID 1
| #define HAVE_SETUID 1
| #define HAVE_SETREUID 1
| #define HAVE_SETREGID 1
| #define HAVE_GETGROUPS 1
| #define HAVE_SETGROUPS 1
| #define HAVE_FCHMOD 1
| #define HAVE_FCHOWN 1
| #define HAVE_FSTAT 1
| #define HAVE_LINK 1
| #define HAVE_STAT 1
| #define HAVE_SYMLINK 1
| #define HAVE_UTIME 1
| #define HAVE_MKNOD 1
| #define HAVE_CHMOD 1
| #define HAVE_UMASK 1
| #define HAVE_FSYNC 1
| #define HAVE_SYNC 1
| #define HAVE_ERF 1
| #define HAVE_ERFC 1
| #define HAVE_LGAMMA 1
| #define HAVE_TGAMMA 1
| #define HAVE_FSTATVFS 1
| #define HAVE_STATVFS 1
| #define HAVE_GETPRIORITY 1
| #define HAVE_SETPRIORITY 1
| #define HAVE_CRYPT 1
| #define HAVE_ENCRYPT 1
| #define HAVE_SETKEY 1
| /* end confdefs.h.  */
| /* Define GlobalMemoryStatusEx to an innocuous variant, in case <limits.h> declares GlobalMemoryStatusEx.
|    For example, HP-UX 11i <limits.h> declares gettimeofday.  */
| #define GlobalMemoryStatusEx innocuous_GlobalMemoryStatusEx
| 
| /* System header to define __stub macros and hopefully few prototypes,
|     which can conflict with char GlobalMemoryStatusEx (); below.
|     Prefer <limits.h> to <assert.h> if __STDC__ is defined, since
|     <limits.h> exists even on freestanding compilers.  */
| 
| #ifdef __STDC__
| # include <limits.h>
| #else
| # include <assert.h>
| #endif
| 
| #undef GlobalMemoryStatusEx
| 
| /* Override any GCC internal prototype to avoid an error.
|    Use char because int might match the return type of a GCC
|    builtin and then its argument prototype would still apply.  */
| #ifdef __cplusplus
| extern "C"
| #endif
| char GlobalMemoryStatusEx ();
| /* The GNU C library defines this for functions which it implements
|     to always fail with ENOSYS.  Some functions are actually named
|     something starting with __ and the normal name is an alias.  */
| #if defined __stub_GlobalMemoryStatusEx || defined __stub___GlobalMemoryStatusEx
| choke me
| #endif
| 
| int
| main ()
| {
| return GlobalMemoryStatusEx ();
|   ;
|   return 0;
| }
configure:6670: result: no
configure:6681: checking for uid_t in sys/types.h
configure:6704: result: yes
configure:6724: checking for unistd.h
configure:6731: result: yes
configure:6869: checking for working chown
configure:6912: gcc -o conftest -g -O2   conftest.c -lm -lcrypt  >&5
configure:6916: $? = 0
configure:6922: ./conftest
configure:6926: $? = 0
configure:6945: result: yes
configure:6955: checking whether signgam is declared
configure:6985: gcc -c -g -O2  conftest.c >&5
configure:6992: $? = 0
configure:7007: result: yes
configure:7025: checking for lstat
configure:7084: result: yes
configure:7100: checking for sys/statvfs.h
configure:7107: result: yes
configure:7100: checking for sys/statfs.h
configure:7107: result: yes
configure:7100: checking for sys/stat.h
configure:7107: result: yes
configure:7246: checking whether f_fsid is scalar
configure:7269: gcc -c -g -O2  conftest.c >&5
configure:7276: $? = 0
configure:7290: result: yes
configure:7303: checking size of fsblkcnt_t
configure:7656: result: 8
configure:7670: checking size of fsfilcnt_t
configure:8023: result: 8
configure:8035: checking for struct stat.st_rdev
configure:8130: result: yes
configure:8140: checking for struct stat.st_blksize
configure:8235: result: yes
configure:8245: checking for struct stat.st_blocks
configure:8340: result: yes
configure:8356: checking size of ino_t
configure:8697: result: 8
configure:8711: checking size of dev_t
configure:9052: result: 8
configure:9069: checking for sys/resource.h
configure:9076: result: yes
configure:9069: checking for sys/times.h
configure:9076: result: yes
configure:9214: checking for getrusage
configure:9272: result: yes
configure:9278: checking for getrusage declaration
configure:9352: result: 
         extern int getrusage (int, struct rusage *);
configure:9355: checking whether getrusage works
configure:9440: result: yes
configure:9457: checking whether link(2) dereferences a symlink specified with a trailing slash
configure:9549: result: no
configure:9560: checking whether setpgrp() is POSIX
configure:9592: gcc -c -g -O2  conftest.c >&5
configure:9599: $? = 0
configure:9614: result: yes
configure:9625: [1m** System Calls (output)[m
configure:9694: updating cache ../config.cache
configure:9731: creating ./config.status

## ---------------------- ##
## Running config.status. ##
## ---------------------- ##

This file was extended by syscalls config.status 1.0, which was
generated by GNU Autoconf 2.62.  Invocation command line was

  CONFIG_FILES    = 
  CONFIG_HEADERS  = 
  CONFIG_LINKS    = 
  CONFIG_COMMANDS = 
  $ ./config.status 

on gunter-HP-G60

config.status:865: creating Makefile
config.status:865: creating link.sh
config.status:865: creating config.h
configure:10887: WARNING: Unrecognized options: --without-readline, --with-libsigsegv-prefix
configure:10892: [1m** System Calls (done)[m

## ---------------- ##
## Cache variables. ##
## ---------------- ##

ac_cv_build=x86_64-unknown-linux-gnu
ac_cv_c_bigendian=no
ac_cv_c_char_unsigned=no
ac_cv_c_compiler_gnu=yes
ac_cv_c_inline=inline
ac_cv_c_restrict=__restrict
ac_cv_cxx_compiler_gnu=yes
ac_cv_env_CCC_set=
ac_cv_env_CCC_value=
ac_cv_env_CC_set=
ac_cv_env_CC_value=
ac_cv_env_CFLAGS_set=
ac_cv_env_CFLAGS_value=
ac_cv_env_CPPFLAGS_set=
ac_cv_env_CPPFLAGS_value=
ac_cv_env_CPP_set=
ac_cv_env_CPP_value=
ac_cv_env_CXXCPP_set=
ac_cv_env_CXXCPP_value=
ac_cv_env_CXXFLAGS_set=
ac_cv_env_CXXFLAGS_value=
ac_cv_env_CXX_set=
ac_cv_env_CXX_value=
ac_cv_env_F77_set=
ac_cv_env_F77_value=
ac_cv_env_FFLAGS_set=
ac_cv_env_FFLAGS_value=
ac_cv_env_LDFLAGS_set=
ac_cv_env_LDFLAGS_value=
ac_cv_env_LIBS_set=
ac_cv_env_LIBS_value=
ac_cv_env_XMKMF_set=
ac_cv_env_XMKMF_value=
ac_cv_env_build_alias_set=
ac_cv_env_build_alias_value=
ac_cv_env_host_alias_set=
ac_cv_env_host_alias_value=
ac_cv_env_target_alias_set=
ac_cv_env_target_alias_value=
ac_cv_f77_compiler_gnu=yes
ac_cv_func_GlobalMemoryStatusEx=no
ac_cv_func__longjmp=yes
ac_cv_func__setjmp=yes
ac_cv_func_alloca_works=yes
ac_cv_func_btowc=yes
ac_cv_func_chmod=yes
ac_cv_func_chown_works=yes
ac_cv_func_clock=yes
ac_cv_func_closelog=yes
ac_cv_func_confstr=yes
ac_cv_func_connect=yes
ac_cv_func_creat=yes
ac_cv_func_crypt=yes
ac_cv_func_dladdr=yes
ac_cv_func_dlclose=yes
ac_cv_func_dlerror=yes
ac_cv_func_dlopen=yes
ac_cv_func_dlsym=yes
ac_cv_func_dlvsym=yes
ac_cv_func_encrypt=yes
ac_cv_func_endgrent=yes
ac_cv_func_endpwent=yes
ac_cv_func_endservent=yes
ac_cv_func_endutxent=yes
ac_cv_func_erf=yes
ac_cv_func_erfc=yes
ac_cv_func_fchmod=yes
ac_cv_func_fchown=yes
ac_cv_func_fcntl=yes
ac_cv_func_flock=yes
ac_cv_func_fnmatch_gnu=yes
ac_cv_func_fork=yes
ac_cv_func_fork_works=yes
ac_cv_func_fpathconf=yes
ac_cv_func_fstat=yes
ac_cv_func_fstatvfs=yes
ac_cv_func_fsync=yes
ac_cv_func_ftime=yes
ac_cv_func_getcwd=yes
ac_cv_func_getdtablesize=yes
ac_cv_func_getegid=yes
ac_cv_func_geteuid=yes
ac_cv_func_getgid=yes
ac_cv_func_getgrent=yes
ac_cv_func_getgrgid=yes
ac_cv_func_getgrnam=yes
ac_cv_func_getgroups=yes
ac_cv_func_gethostbyname=yes
ac_cv_func_gethostent=yes
ac_cv_func_gethostname=yes
ac_cv_func_getloadavg=yes
ac_cv_func_getlogin=yes
ac_cv_func_getpgid=yes
ac_cv_func_getpgrp=yes
ac_cv_func_getppid=yes
ac_cv_func_getpriority=yes
ac_cv_func_getpwent=yes
ac_cv_func_getpwnam=yes
ac_cv_func_getpwuid=yes
ac_cv_func_getrlimit=yes
ac_cv_func_getservbyname=yes
ac_cv_func_getservbyport=yes
ac_cv_func_getservent=yes
ac_cv_func_getsid=yes
ac_cv_func_getsockopt=yes
ac_cv_func_gettimeofday=yes
ac_cv_func_getuid=yes
ac_cv_func_getutxent=yes
ac_cv_func_getutxid=yes
ac_cv_func_getutxline=yes
ac_cv_func_inet_addr=yes
ac_cv_func_inet_ntop=yes
ac_cv_func_inet_pton=yes
ac_cv_func_ioctl=yes
ac_cv_func_isblank=yes
ac_cv_func_iswcntrl=yes
ac_cv_func_iswctype=yes
ac_cv_func_kill=yes
ac_cv_func_lgamma=yes
ac_cv_func_link=yes
ac_cv_func_localeconv=yes
ac_cv_func_malloc_0_nonnull=yes
ac_cv_func_mbrtowc=yes
ac_cv_func_mbsrtowcs=yes
ac_cv_func_mempcpy=yes
ac_cv_func_memset=yes
ac_cv_func_mkdir=yes
ac_cv_func_mkdtemp=yes
ac_cv_func_mkfifo=yes
ac_cv_func_mknod=yes
ac_cv_func_mkstemp=yes
ac_cv_func_mktime=yes
ac_cv_func_mmap=yes
ac_cv_func_mprotect=yes
ac_cv_func_msync=yes
ac_cv_func_munmap=yes
ac_cv_func_nice=yes
ac_cv_func_nl_langinfo=yes
ac_cv_func_openlog=yes
ac_cv_func_pathconf=yes
ac_cv_func_poll=yes
ac_cv_func_putenv=yes
ac_cv_func_pututxline=yes
ac_cv_func_readlink=yes
ac_cv_func_realpath=yes
ac_cv_func_remove=yes
ac_cv_func_select=yes
ac_cv_func_setegid=yes
ac_cv_func_setenv=yes
ac_cv_func_seteuid=yes
ac_cv_func_setgid=yes
ac_cv_func_setgrent=yes
ac_cv_func_setgroups=yes
ac_cv_func_setitimer=yes
ac_cv_func_setkey=yes
ac_cv_func_setlogmask=yes
ac_cv_func_setpgid=yes
ac_cv_func_setpgrp=yes
ac_cv_func_setpgrp_posix=yes
ac_cv_func_setpriority=yes
ac_cv_func_setpwent=yes
ac_cv_func_setregid=yes
ac_cv_func_setreuid=yes
ac_cv_func_setrlimit=yes
ac_cv_func_setservent=yes
ac_cv_func_setsid=yes
ac_cv_func_setsockopt=yes
ac_cv_func_setuid=yes
ac_cv_func_setutxent=yes
ac_cv_func_shmat=yes
ac_cv_func_shutdown=yes
ac_cv_func_sigaction=yes
ac_cv_func_sigblock=yes
ac_cv_func_sighold=yes
ac_cv_func_siginterrupt=yes
ac_cv_func_sigprocmask=yes
ac_cv_func_stat=yes
ac_cv_func_statvfs=yes
ac_cv_func_strerror=yes
ac_cv_func_strftime=yes
ac_cv_func_strptime=yes
ac_cv_func_symlink=yes
ac_cv_func_sync=yes
ac_cv_func_sysconf=yes
ac_cv_func_syslog=yes
ac_cv_func_tempnam=yes
ac_cv_func_tgamma=yes
ac_cv_func_ualarm=yes
ac_cv_func_umask=yes
ac_cv_func_uname=yes
ac_cv_func_unsetenv=yes
ac_cv_func_usleep=yes
ac_cv_func_utime=yes
ac_cv_func_vfork=yes
ac_cv_func_vfork_works=yes
ac_cv_func_wcrtomb=yes
ac_cv_func_wcscoll=yes
ac_cv_func_wmemchr=yes
ac_cv_func_wmemcpy=yes
ac_cv_func_wmempcpy=yes
ac_cv_gnu_library_2_1=yes
ac_cv_have_decl_environ=yes
ac_cv_have_decl_getc_unlocked=yes
ac_cv_have_decl_isblank=yes
ac_cv_have_decl_signgam=yes
ac_cv_have_readline=no
ac_cv_have_x='have_x=yes	ac_x_includes='\'''\''	ac_x_libraries='\'''\'''
ac_cv_header_arpa_inet_h=yes
ac_cv_header_avcall_h=no
ac_cv_header_callback_h=no
ac_cv_header_crypt_h=yes
ac_cv_header_dirent_dirent_h=yes
ac_cv_header_dlfcn_h=yes
ac_cv_header_errno_h=yes
ac_cv_header_fcntl_h=yes
ac_cv_header_grp_h=yes
ac_cv_header_inttypes_h=yes
ac_cv_header_langinfo_h=yes
ac_cv_header_lightning_h=no
ac_cv_header_locale_h=yes
ac_cv_header_memory_h=yes
ac_cv_header_minix_config_h=no
ac_cv_header_netdb_h=yes
ac_cv_header_netinet_in_h=yes
ac_cv_header_netinet_tcp_h=yes
ac_cv_header_pwd_h=yes
ac_cv_header_sgtty_h=yes
ac_cv_header_shlobj_h=no
ac_cv_header_signal_h=yes
ac_cv_header_stat_broken=no
ac_cv_header_stdbool_h=yes
ac_cv_header_stdc=yes
ac_cv_header_stdint_h=yes
ac_cv_header_stdlib_h=yes
ac_cv_header_string_h=yes
ac_cv_header_strings_h=yes
ac_cv_header_sys_file_h=yes
ac_cv_header_sys_inttypes_h=no
ac_cv_header_sys_ipc_h=yes
ac_cv_header_sys_mman_h=yes
ac_cv_header_sys_resource_h=yes
ac_cv_header_sys_shm_h=yes
ac_cv_header_sys_stat_h=yes
ac_cv_header_sys_statfs_h=yes
ac_cv_header_sys_statvfs_h=yes
ac_cv_header_sys_sysmacros_h=yes
ac_cv_header_sys_termio_h=no
ac_cv_header_sys_time_h=yes
ac_cv_header_sys_times_h=yes
ac_cv_header_sys_types_h=yes
ac_cv_header_sys_un_h=yes
ac_cv_header_sys_unistd_h=yes
ac_cv_header_syslog_h=yes
ac_cv_header_termio_h=yes
ac_cv_header_termios_h=yes
ac_cv_header_time=yes
ac_cv_header_time_h=yes
ac_cv_header_unistd_h=yes
ac_cv_header_utime_h=yes
ac_cv_header_utmpx_h=yes
ac_cv_header_vfork_h=no
ac_cv_header_wchar_h=yes
ac_cv_header_wctype_h=yes
ac_cv_host=x86_64-unknown-linux-gnu
ac_cv_lib_ICE_IceConnectionNumber=yes
ac_cv_lib_dir_opendir=no
ac_cv_libavcall_cppflags=
ac_cv_libavcall_libs=-lavcall
ac_cv_libavcall_ltlibs=-lavcall
ac_cv_libavcall_prefix=
ac_cv_libcallback_cppflags=
ac_cv_libcallback_libs=-lcallback
ac_cv_libcallback_ltlibs=-lcallback
ac_cv_libcallback_prefix=
ac_cv_member_struct_dirent_d_namlen=no
ac_cv_member_struct_lconv_int_n_cs_precedes=yes
ac_cv_member_struct_lconv_int_n_sep_by_space=yes
ac_cv_member_struct_lconv_int_n_sign_posn=yes
ac_cv_member_struct_lconv_int_p_cs_precedes=yes
ac_cv_member_struct_lconv_int_p_sep_by_space=yes
ac_cv_member_struct_lconv_int_p_sign_posn=yes
ac_cv_member_struct_stat_st_blksize=yes
ac_cv_member_struct_stat_st_blocks=yes
ac_cv_member_struct_stat_st_rdev=yes
ac_cv_member_struct_utmpx_ut_host=yes
ac_cv_objext=o
ac_cv_path_EGREP='/bin/grep -E'
ac_cv_path_GMSGFMT=/usr/bin/msgfmt
ac_cv_path_GREP=/bin/grep
ac_cv_path_MSGFMT=/usr/bin/msgfmt
ac_cv_path_MSGMERGE=/usr/bin/msgmerge
ac_cv_path_XGETTEXT=/usr/bin/xgettext
ac_cv_path_install='/usr/bin/install -c'
ac_cv_path_mkdir=/bin/mkdir
ac_cv_prog_AWK=gawk
ac_cv_prog_COMPRESS=gzip
ac_cv_prog_CPP='gcc -E'
ac_cv_prog_CXXCPP='g++ -E'
ac_cv_prog_DVIPDF=dvipdf
ac_cv_prog_GROFF=groff
ac_cv_prog_MAKE=make
ac_cv_prog_ac_ct_AR=ar
ac_cv_prog_ac_ct_CC=gcc
ac_cv_prog_ac_ct_CXX=g++
ac_cv_prog_ac_ct_F77=f77
ac_cv_prog_ac_ct_RANLIB=ranlib
ac_cv_prog_ac_ct_STRIP=strip
ac_cv_prog_cc_c89=
ac_cv_prog_cc_g=yes
ac_cv_prog_cc_gcc_c_o=yes
ac_cv_prog_cxx_g=yes
ac_cv_prog_f77_g=yes
ac_cv_prog_make_make_set=yes
ac_cv_safe_to_define___extensions__=yes
ac_cv_search_crypt=-lcrypt
ac_cv_search_dlopen=-ldl
ac_cv_search_erf=-lm
ac_cv_search_tgetent=-lncurses
ac_cv_sizeof_dev_t=8
ac_cv_sizeof_fsblkcnt_t=8
ac_cv_sizeof_fsfilcnt_t=8
ac_cv_sizeof_gid_t=4
ac_cv_sizeof_ino_t=8
ac_cv_sizeof_off_t=8
ac_cv_sizeof_pid_t=4
ac_cv_sizeof_rlim_t=8
ac_cv_sizeof_struct_timeval=16
ac_cv_sizeof_uid_t=4
ac_cv_struct_fsid_scalar=yes
ac_cv_struct_tm=time.h
ac_cv_sys_file_offset_bits=no
ac_cv_sys_largefile_CC=no
ac_cv_type__Bool=yes
ac_cv_type_long_long_int=yes
ac_cv_type_mbstate_t=yes
ac_cv_type_pid_t=yes
ac_cv_type_uid_t=yes
ac_cv_type_unsigned_long_long_int=yes
ac_cv_use_readline=no
ac_cv_working_alloca_h=yes
acl_cv_hardcode_direct=no
acl_cv_hardcode_libdir_flag_spec='${wl}-rpath ${wl}$libdir'
acl_cv_hardcode_libdir_separator=
acl_cv_hardcode_minus_L=no
acl_cv_libext=a
acl_cv_libname_spec='lib$name'
acl_cv_library_names_spec='$libname$shrext'
acl_cv_path_LD='/usr/bin/ld -m elf_x86_64'
acl_cv_prog_gnu_ld=yes
acl_cv_rpath=done
acl_cv_shlibext=so
acl_cv_wl=-Wl,
am_cv_CC_dependencies_compiler_type=gcc3
am_cv_CXX_dependencies_compiler_type=gcc3
am_cv_func_iconv=yes
am_cv_func_iconv_works=yes
am_cv_langinfo_codeset=yes
am_cv_lib_iconv=no
am_cv_proto_iconv='extern size_t iconv (iconv_t cd, char * *inbuf, size_t *inbytesleft, char * *outbuf, size_t *outbytesleft);'
am_cv_proto_iconv_arg1=
cl_cv_address_code=0x0000000000000000
cl_cv_address_malloc=0x0000000001000000
cl_cv_address_shlib=0x00007EFF46000000
cl_cv_address_stack=0x00007FFD50000000
cl_cv_builtin_strlen=no
cl_cv_c_return_void=yes
cl_cv_c_return_void_form=return
cl_cv_c_void=yes
cl_cv_cc_double_divbyzero=no
cl_cv_cc_double_inexact=no
cl_cv_cc_double_overflow=no
cl_cv_cc_double_underflow=no
cl_cv_cc_float_divbyzero=no
cl_cv_cc_float_inexact=no
cl_cv_cc_float_overflow=no
cl_cv_cc_float_underflow=no
cl_cv_decl_ELOOP=ELOOP
cl_cv_decl_FIONREAD_1=no
cl_cv_decl_FIONREAD_1_sys_filio_h=no
cl_cv_decl_FIONREAD_1_sys_ioctl_h=yes
cl_cv_decl_FIONREAD_reliable=yes
cl_cv_decl_O_RDWR_fcntl_h=yes
cl_cv_decl_R_OK_unistd_h=yes
cl_cv_decl_TCSAFLUSH=yes
cl_cv_decl_eloop=yes
cl_cv_file_floatparam_h=1
cl_cv_file_intparam_h=1
cl_cv_func_closedir_retval=yes
cl_cv_func_getpagesize=yes
cl_cv_func_getrusage=yes
cl_cv_func_getrusage_works=yes
cl_cv_func_lstat=yes
cl_cv_func_mmap_anon=yes
cl_cv_func_mmap_anonymous=yes
cl_cv_func_mmap_devzero=yes
cl_cv_func_mmap_works=yes
cl_cv_func_mprotect_works=yes
cl_cv_func_poll=yes
cl_cv_func_poll_reliable=yes
cl_cv_func_raise=yes
cl_cv_func_select_reliable=yes
cl_cv_func_setfpucw=yes
cl_cv_func_shmctl_attachable=no
cl_cv_func_signal_blocked=yes
cl_cv_func_signal_blocked_others=no
cl_cv_func_signal_reinstall=no
cl_cv_func_signalblocks='SystemV POSIX BSD'
cl_cv_func_tcgetattr=yes
cl_cv_func_vadvise=no
cl_cv_func_vm=no
cl_cv_gnu_make=yes
cl_cv_have_ffcall=no
cl_cv_header_sys_select_h=yes
cl_cv_host_x86_64=yes
cl_cv_lib_nsl=no
cl_cv_lib_sequent=no
cl_cv_lib_sigsegv=yes
cl_cv_lib_socket=no
cl_cv_offsetof=yes
cl_cv_os_valid_filename_char='((ch >= 1) && (ch != 47))'
cl_cv_os_valid_filename_charset=8-bit
cl_cv_prog_LN=ln
cl_cv_prog_LN_S='ln -s'
cl_cv_prog_as_underscore=no
cl_cv_prog_cc_cplusplus=no
cl_cv_prog_cc_ema=yes
cl_cv_prog_cc_gcc=yes
cl_cv_prog_cc_indented=yes
cl_cv_prog_cc_sunpro=no
cl_cv_prog_cc_works=yes
cl_cv_prog_cp='cp -p'
cl_cv_prog_hln=hln
cl_cv_proto_abort='extern void abort (void);'
cl_cv_proto_abort_ret=void
cl_cv_proto_abort_vol=
cl_cv_proto_closedir='extern int closedir (DIR*);'
cl_cv_proto_closedir_ret=int
cl_cv_proto_connect='extern int connect (int, const struct sockaddr *, unsigned int);'
cl_cv_proto_connect_arg2a=const
cl_cv_proto_connect_arg2b='struct sockaddr *'
cl_cv_proto_connect_arg3='unsigned int'
cl_cv_proto_getpagesize='extern int getpagesize (void);'
cl_cv_proto_getpagesize_ret=int
cl_cv_proto_getrlimit='extern int getrlimit (enum __rlimit_resource, struct rlimit *);'
cl_cv_proto_getrlimit_arg1='enum __rlimit_resource'
cl_cv_proto_getrusage='extern int getrusage (int, struct rusage *);'
cl_cv_proto_getrusage_arg1=int
cl_cv_proto_gettimeofday='extern int gettimeofday (struct timeval *, struct timezone *);'
cl_cv_proto_gettimeofday_arg2='struct timezone *'
cl_cv_proto_gettimeofday_dots=no
cl_cv_proto_inet_addr='extern unsigned int inet_addr (const char*);'
cl_cv_proto_inet_addr_arg1=const
cl_cv_proto_inet_addr_ret='unsigned int'
cl_cv_proto_ioctl='extern int ioctl (int, unsigned long, ...);'
cl_cv_proto_ioctl_arg2='unsigned long'
cl_cv_proto_ioctl_args='int, unsigned long, ...'
cl_cv_proto_ioctl_dots=yes
cl_cv_proto_perror=yes
cl_cv_proto_select='extern int select (int, fd_set *, fd_set *, fd_set *, struct timeval *);'
cl_cv_proto_select_arg1=int
cl_cv_proto_select_arg2=fd_set
cl_cv_proto_select_arg5=
cl_cv_proto_setrlimit='extern int setrlimit (enum __rlimit_resource, const struct rlimit *);'
cl_cv_proto_setrlimit_arg2=const
cl_cv_proto_setsockopt='extern int setsockopt (int, int, int, const void*, unsigned int);'
cl_cv_proto_setsockopt_arg_t='void*'
cl_cv_proto_setsockopt_const=const
cl_cv_proto_setsockopt_optlen_t='unsigned int'
cl_cv_proto_signal_dots=no
cl_cv_proto_unsetenv_posix=0
cl_cv_proto_unsetenv_ret=void
cl_cv_proto_waitpid='extern pid_t waitpid (pid_t, int*, int);'
cl_cv_proto_waitpid_arg1=pid_t
cl_cv_socket_ipv4=yes
cl_cv_socket_ipv6=yes
cl_cv_struct_sockaddr_sun_len=no
cl_cv_struct_utsname=yes
cl_cv_struct_winsize=no
cl_cv_struct_winsize_ioctl=yes
cl_cv_sys_shm_works=yes
cl_cv_test_nt=yes
cl_cv_type_caddr_t=yes
cl_cv_type_fpu_control_t=yes
cl_cv_type_signal=void
cl_cv_type_socklen_t=yes
gl_ac_cv_func_link_follows_symlink=no
gl_cv_func_malloc_posix=yes
gl_cv_func_re_compile_pattern_working=no
gl_cv_have_include_next=yes
gl_cv_header_wchar_h_standalone=yes
gl_cv_header_working_stdint_h=yes
gl_cv_next_stdint_h='<stdint.h>'
gl_cv_next_stdlib_h='<stdlib.h>'
gl_cv_next_unistd_h='<unistd.h>'
gl_cv_next_wchar_h='<wchar.h>'
gl_cv_next_wctype_h='<wctype.h>'
gl_cv_rpl_alloca=yes
gt_cv_c_long_double=yes
gt_cv_c_wint_t=yes
gt_cv_func_CFLocaleCopyCurrent=no
gt_cv_func_CFPreferencesCopyAppValue=no
gt_cv_func_gnugettext2_libc=yes
gt_cv_ssize_t=yes
gt_cv_val_LC_MESSAGES=yes
lt_cv_deplibs_check_method=pass_all
lt_cv_file_magic_cmd='$MAGIC_CMD'
lt_cv_file_magic_test_file=
lt_cv_ld_reload_flag=-r
lt_cv_objdir=.libs
lt_cv_path_LD=/usr/bin/ld
lt_cv_path_LDCXX='/usr/bin/ld -m elf_x86_64'
lt_cv_path_NM='/usr/bin/nm -B'
lt_cv_path_SED=/bin/sed
lt_cv_prog_compiler_c_o=yes
lt_cv_prog_compiler_c_o_CXX=yes
lt_cv_prog_compiler_c_o_F77=yes
lt_cv_prog_compiler_pic_works=yes
lt_cv_prog_compiler_pic_works_CXX=yes
lt_cv_prog_compiler_pic_works_F77=yes
lt_cv_prog_compiler_rtti_exceptions=no
lt_cv_prog_compiler_static_works=yes
lt_cv_prog_compiler_static_works_CXX=yes
lt_cv_prog_compiler_static_works_F77=yes
lt_cv_prog_gnu_ld=yes
lt_cv_prog_gnu_ldcxx=yes
lt_cv_sys_global_symbol_pipe='sed -n -e '\''s/^.*[ 	]\([ABCDGIRSTW][ABCDGIRSTW]*\)[ 	][ 	]*\([_A-Za-z][_A-Za-z0-9]*\)$/\1 \2 \2/p'\'''
lt_cv_sys_global_symbol_to_c_name_address='sed -n -e '\''s/^: \([^ ]*\) $/  {\"\1\", (lt_ptr) 0},/p'\'' -e '\''s/^[BCDEGRST] \([^ ]*\) \([^ ]*\)$/  {"\2", (lt_ptr) \&\2},/p'\'''
lt_cv_sys_global_symbol_to_cdecl='sed -n -e '\''s/^. .* \(.*\)$/extern int \1;/p'\'''
lt_cv_sys_lib_dlsearch_path_spec='/lib /usr/lib /usr/lib/x86_64-linux-gnu/libfakeroot /lib/i386-linux-gnu /usr/lib/i386-linux-gnu /lib/i686-linux-gnu /usr/lib/i686-linux-gnu /usr/lib/i386-linux-gnu/mesa-egl /usr/lib/i386-linux-gnu/mesa /usr/local/lib /opt/voc/lib /lib/x86_64-linux-gnu /usr/lib/x86_64-linux-gnu /usr/lib/x86_64-linux-gnu/mesa-egl /usr/lib/x86_64-linux-gnu/mesa /lib64 /usr/lib64 /lib32 /usr/lib32 /libx32 /usr/libx32 '
lt_cv_sys_lib_search_path_spec='/usr/lib/gcc/x86_64-linux-gnu/5 /usr/lib/x86_64-linux-gnu /usr/lib /lib/x86_64-linux-gnu /lib'
lt_cv_sys_max_cmd_len=3145728
lt_lt_cv_prog_compiler_c_o='"yes"'
lt_lt_cv_prog_compiler_c_o_CXX='"yes"'
lt_lt_cv_prog_compiler_c_o_F77='"yes"'
lt_lt_cv_sys_global_symbol_pipe='"sed -n -e '\''s/^.*[ 	]\\([ABCDGIRSTW][ABCDGIRSTW]*\\)[ 	][ 	]*\\([_A-Za-z][_A-Za-z0-9]*\\)\$/\\1 \\2 \\2/p'\''"'
lt_lt_cv_sys_global_symbol_to_c_name_address='"sed -n -e '\''s/^: \\([^ ]*\\) \$/  {\\\"\\1\\\", (lt_ptr) 0},/p'\'' -e '\''s/^[BCDEGRST] \\([^ ]*\\) \\([^ ]*\\)\$/  {\"\\2\", (lt_ptr) \\&\\2},/p'\''"'
lt_lt_cv_sys_global_symbol_to_cdecl='"sed -n -e '\''s/^. .* \\(.*\\)\$/extern int \\1;/p'\''"'

## ----------------- ##
## Output variables. ##
## ----------------- ##

CC='gcc'
CFLAGS='-g -O2'
CPP='gcc -E'
CPPFLAGS=''
DEFS='-DHAVE_CONFIG_H'
ECHO_C=''
ECHO_N='-n'
ECHO_T=''
EGREP='/bin/grep -E'
EXEEXT=''
GREP='/bin/grep'
LDFLAGS=''
LIBOBJS=''
LIBS='-lm -lcrypt '
LTLIBOBJS=''
OBJEXT='o'
PACKAGE_BUGREPORT='clisp-list'
PACKAGE_NAME='syscalls'
PACKAGE_STRING='syscalls 1.0'
PACKAGE_TARNAME='syscalls'
PACKAGE_VERSION='1.0'
PATH_SEPARATOR=':'
SHELL='/bin/sh'
ac_ct_CC='gcc'
bindir='${exec_prefix}/bin'
build_alias=''
datadir='${datarootdir}'
datarootdir='${prefix}/share'
docdir='${datarootdir}/doc/${PACKAGE_TARNAME}'
dvidir='${docdir}'
exec_prefix='${prefix}'
host_alias=''
htmldir='${docdir}'
includedir='${prefix}/include'
infodir='${datarootdir}/info'
libdir='${exec_prefix}/lib'
libexecdir='${exec_prefix}/libexec'
localedir='${datarootdir}/locale'
localstatedir='${prefix}/var'
mandir='${datarootdir}/man'
oldincludedir='/usr/include'
pdfdir='${docdir}'
prefix='/usr/local'
program_transform_name='s,x,x,'
psdir='${docdir}'
sbindir='${exec_prefix}/sbin'
sharedstatedir='${prefix}/com'
sysconfdir='${prefix}/etc'
target_alias=''

## ----------- ##
## confdefs.h. ##
## ----------- ##

#define PACKAGE_NAME "syscalls"
#define PACKAGE_TARNAME "syscalls"
#define PACKAGE_VERSION "1.0"
#define PACKAGE_STRING "syscalls 1.0"
#define PACKAGE_BUGREPORT "clisp-list"
#define STDC_HEADERS 1
#define HAVE_SYS_TYPES_H 1
#define HAVE_SYS_STAT_H 1
#define HAVE_STDLIB_H 1
#define HAVE_STRING_H 1
#define HAVE_MEMORY_H 1
#define HAVE_STRINGS_H 1
#define HAVE_INTTYPES_H 1
#define HAVE_STDINT_H 1
#define HAVE_UNISTD_H 1
#define __EXTENSIONS__ 1
#define _ALL_SOURCE 1
#define _GNU_SOURCE 1
#define _POSIX_PTHREAD_SEMANTICS 1
#define _TANDEM_SOURCE 1
#define TIME_WITH_SYS_TIME 1
#define HAVE_SYS_UTSNAME_H /**/
#define HAVE_ERRNO_H 1
#define HAVE_FCNTL_H 1
#define HAVE_NETDB_H 1
#define HAVE_SYS_RESOURCE_H 1
#define HAVE_UTIME_H 1
#define HAVE_WCHAR_H 1
#define HAVE_PWD_H 1
#define HAVE_SYS_TIME_H 1
#define HAVE_SYS_UNISTD_H 1
#define HAVE_TIME_H 1
#define HAVE_UNISTD_H 1
#define HAVE_SYSLOG_H 1
#define HAVE_SIGNAL_H 1
#define HAVE_GRP_H 1
#define HAVE_CRYPT_H 1
#define HAVE_UTMPX_H 1
#define HAVE_STDLIB_H 1
#define HAVE_NETINET_IN_H 1
#define HAVE_ARPA_INET_H 1
#define SIZEOF_OFF_T 8
#define SIZEOF_GID_T 4
#define SIZEOF_PID_T 4
#define SIZEOF_UID_T 4
#define HAVE_STRUCT_UTMPX_UT_HOST 1
#define HAVE_GETRLIMIT 1
#define HAVE_SETRLIMIT 1
#define SIZEOF_RLIM_T 8
#define RLIMIT_RESOURCE_T enum __rlimit_resource
#define SETRLIMIT_CONST const
#define HAVE_CLOCK 1
#define HAVE_GETLOADAVG 1
#define HAVE_CONFSTR 1
#define HAVE_FCNTL 1
#define HAVE_GETHOSTENT 1
#define HAVE_SYSCONF 1
#define HAVE_UNAME 1
#define HAVE_GETLOGIN 1
#define HAVE_GETPWENT 1
#define HAVE_GETPWNAM 1
#define HAVE_GETPWUID 1
#define HAVE_ENDPWENT 1
#define HAVE_SETPWENT 1
#define HAVE_GETSERVBYPORT 1
#define HAVE_GETSERVBYNAME 1
#define HAVE_GETSERVENT 1
#define HAVE_SETSERVENT 1
#define HAVE_ENDSERVENT 1
#define HAVE_OPENLOG 1
#define HAVE_SETLOGMASK 1
#define HAVE_SYSLOG 1
#define HAVE_CLOSELOG 1
#define HAVE_STRFTIME 1
#define HAVE_STRPTIME 1
#define HAVE_MKTIME 1
#define HAVE_GETPPID 1
#define HAVE_GETPGID 1
#define HAVE_GETSID 1
#define HAVE_SETPGID 1
#define HAVE_SETSID 1
#define HAVE_KILL 1
#define HAVE_PATHCONF 1
#define HAVE_FPATHCONF 1
#define HAVE_REALPATH 1
#define HAVE_GETPGRP 1
#define HAVE_SETPGRP 1
#define HAVE_GETGRGID 1
#define HAVE_GETGRNAM 1
#define HAVE_GETGRENT 1
#define HAVE_ENDGRENT 1
#define HAVE_SETGRENT 1
#define HAVE_ENDUTXENT 1
#define HAVE_GETUTXENT 1
#define HAVE_GETUTXID 1
#define HAVE_GETUTXLINE 1
#define HAVE_PUTUTXLINE 1
#define HAVE_SETUTXENT 1
#define HAVE_MKFIFO 1
#define HAVE_MKDIR 1
#define HAVE_CREAT 1
#define HAVE_MKSTEMP 1
#define HAVE_TEMPNAM 1
#define HAVE_MKDTEMP 1
#define HAVE_GETEGID 1
#define HAVE_GETEUID 1
#define HAVE_GETGID 1
#define HAVE_GETUID 1
#define HAVE_SETEGID 1
#define HAVE_SETEUID 1
#define HAVE_SETGID 1
#define HAVE_SETUID 1
#define HAVE_SETREUID 1
#define HAVE_SETREGID 1
#define HAVE_GETGROUPS 1
#define HAVE_SETGROUPS 1
#define HAVE_FCHMOD 1
#define HAVE_FCHOWN 1
#define HAVE_FSTAT 1
#define HAVE_LINK 1
#define HAVE_STAT 1
#define HAVE_SYMLINK 1
#define HAVE_UTIME 1
#define HAVE_MKNOD 1
#define HAVE_CHMOD 1
#define HAVE_UMASK 1
#define HAVE_FSYNC 1
#define HAVE_SYNC 1
#define HAVE_ERF 1
#define HAVE_ERFC 1
#define HAVE_LGAMMA 1
#define HAVE_TGAMMA 1
#define HAVE_FSTATVFS 1
#define HAVE_STATVFS 1
#define HAVE_GETPRIORITY 1
#define HAVE_SETPRIORITY 1
#define HAVE_CRYPT 1
#define HAVE_ENCRYPT 1
#define HAVE_SETKEY 1
#define HAVE_UNISTD_H 1
#define HAVE_CHOWN 1
#define HAVE_DECL_SIGNGAM 1
#define HAVE_LSTAT /**/
#define HAVE_SYS_STATVFS_H 1
#define HAVE_SYS_STATFS_H 1
#define HAVE_SYS_STAT_H 1
#define HAVE_SCALAR_FSID 1
#define SIZEOF_FSBLKCNT_T 8
#define SIZEOF_FSFILCNT_T 8
#define HAVE_STRUCT_STAT_ST_RDEV 1
#define HAVE_STRUCT_STAT_ST_BLKSIZE 1
#define HAVE_STRUCT_STAT_ST_BLOCKS 1
#define SIZEOF_INO_T 8
#define SIZEOF_DEV_T 8
#define HAVE_SYS_RESOURCE_H 1
#define HAVE_SYS_TIMES_H 1
#define HAVE_GETRUSAGE /**/
#define RUSAGE_WHO_T int
#define HAVE_SETPGRP_POSIX 1

configure: exit 0
